 [2018-09-20 20:25:44] DEBUG:
-- Init Project


 [2018-09-20 20:25:44] INFO:
==== INIT PROJECT ====


 [2018-09-20 20:25:44] INFO:
==== INIT PROJECT FLAGS ====


char [2018-09-20 20:25:44] ERROR:
-- New Char Obj: Player-1


sprite [2018-09-20 20:25:44] ERROR:
-- Init Sprite Object: Player-1


obj [2018-09-20 20:25:44] ERROR:
-- INIT SIMPLE OBJECT Player-1


obj [2018-09-20 20:25:44] INFO:
-- Set Name


obj [2018-09-20 20:25:44] ERROR:
-- TestLen: 8


obj [2018-09-20 20:25:44] ERROR:
-- Len: 16


obj [2018-09-20 20:25:44] INFO:
-- Set Velocity


move [2018-09-20 20:25:44] INFO:
==== Setting Velocity ====


move [2018-09-20 20:25:44] DEBUG:
-- Obj: Player-1_Object


move [2018-09-20 20:25:44] DEBUG:
-- vel: X: 0 | Y: 0


move [2018-09-20 20:25:44] INFO:
==== Setting Velocity X: 0 ====


move [2018-09-20 20:25:44] INFO:
-- Done X: 0 ====


move [2018-09-20 20:25:44] INFO:
==== Setting Velocity Y: 0 ====


move [2018-09-20 20:25:44] INFO:
-- Done Y: 0 ====


move [2018-09-20 20:25:44] INFO:
-- Getting Obj Movement: 000000000068F950


move [2018-09-20 20:25:44] INFO:
-- Direction: X: 0.000000 | 0.000000


move [2018-09-20 20:25:44] INFO:
-- UpdatingVelocity


move [2018-09-20 20:25:44] INFO:
==== Applying Velocity ====


move [2018-09-20 20:25:44] INFO:
Move To: X: 0 + 0 | Y: 0  + 0


move [2018-09-20 20:25:44] INFO:
Move To: X: 0 | Y: 0


move [2018-09-20 20:25:44] INFO:
==== Applying Velocity DONE ====


anim [2018-09-20 20:25:44] ERROR:
UnLock Set Velocity: Player-1_Object


move [2018-09-20 20:25:44] INFO:
-- Set Velocity Done


obj [2018-09-20 20:25:44] INFO:
-- Set Surface


obj [2018-09-20 20:25:44] INFO:
-- Setting Obj Surface


obj [2018-09-20 20:25:44] INFO:
-- Simple Object Ready


obj [2018-09-20 20:25:44] INFO:
-- Setting Obj Surface


obj [2018-09-20 20:25:44] INFO:
==== Init Object List ====


obj [2018-09-20 20:25:44] DEBUG:
-- Adding Node


obj [2018-09-20 20:25:44] DEBUG:
-- Adding TEST


obj [2018-09-20 20:25:44] DEBUG:
-- nodeID: 1


obj [2018-09-20 20:25:44] DEBUG:
-- Setting Layer


obj [2018-09-20 20:25:44] DEBUG:
-- Added To Layer


sprite [2018-09-20 20:25:44] ERROR:
-- Calling Sprite Animation: Player-1_Object #1 => Idle


char [2018-09-20 20:25:44] ERROR:
-- New Char Obj: Player-2


sprite [2018-09-20 20:25:44] ERROR:
-- Init Sprite Object: Player-2


obj [2018-09-20 20:25:44] ERROR:
-- INIT SIMPLE OBJECT Player-2


obj [2018-09-20 20:25:44] INFO:
-- Set Name


obj [2018-09-20 20:25:44] ERROR:
-- TestLen: 8


obj [2018-09-20 20:25:44] ERROR:
-- Len: 16


obj [2018-09-20 20:25:44] INFO:
-- Set Velocity


move [2018-09-20 20:25:44] INFO:
==== Setting Velocity ====


move [2018-09-20 20:25:44] DEBUG:
-- Obj: Player-2_Object


move [2018-09-20 20:25:44] DEBUG:
-- vel: X: 0 | Y: 0


move [2018-09-20 20:25:44] INFO:
==== Setting Velocity X: 0 ====


move [2018-09-20 20:25:44] INFO:
-- Done X: 0 ====


move [2018-09-20 20:25:44] INFO:
==== Setting Velocity Y: 0 ====


move [2018-09-20 20:25:44] INFO:
-- Done Y: 0 ====


move [2018-09-20 20:25:44] INFO:
-- Getting Obj Movement: 000000000068F950


move [2018-09-20 20:25:44] INFO:
-- Direction: X: 0.000000 | 0.000000


move [2018-09-20 20:25:44] INFO:
-- UpdatingVelocity


move [2018-09-20 20:25:44] INFO:
==== Applying Velocity ====


move [2018-09-20 20:25:44] INFO:
Move To: X: 0 + 0 | Y: 0  + 0


move [2018-09-20 20:25:44] INFO:
Move To: X: 0 | Y: 0


move [2018-09-20 20:25:44] INFO:
==== Applying Velocity DONE ====


anim [2018-09-20 20:25:44] ERROR:
UnLock Set Velocity: Player-2_Object


move [2018-09-20 20:25:44] INFO:
-- Set Velocity Done


obj [2018-09-20 20:25:44] INFO:
-- Set Surface


obj [2018-09-20 20:25:44] INFO:
-- Setting Obj Surface


obj [2018-09-20 20:25:44] INFO:
-- Simple Object Ready


obj [2018-09-20 20:25:44] INFO:
-- Setting Obj Surface


obj [2018-09-20 20:25:44] DEBUG:
-- Adding Node


obj [2018-09-20 20:25:44] DEBUG:
-- Adding TEST


obj [2018-09-20 20:25:44] DEBUG:
-- nodeID: 2


obj [2018-09-20 20:25:44] DEBUG:
-- Setting Layer


obj [2018-09-20 20:25:44] DEBUG:
-- Added To Layer


sprite [2018-09-20 20:25:44] ERROR:
-- Calling Sprite Animation: Player-2_Object #1 => Idle


obj [2018-09-20 20:25:44] ERROR:
-- INIT SIMPLE OBJECT wall


obj [2018-09-20 20:25:44] INFO:
-- Set Name


obj [2018-09-20 20:25:44] ERROR:
-- TestLen: 4


obj [2018-09-20 20:25:44] ERROR:
-- Len: 12


obj [2018-09-20 20:25:44] INFO:
-- Set Velocity


move [2018-09-20 20:25:44] INFO:
==== Setting Velocity ====


move [2018-09-20 20:25:44] DEBUG:
-- Obj: wall_Object


move [2018-09-20 20:25:44] DEBUG:
-- vel: X: 0 | Y: 0


move [2018-09-20 20:25:44] INFO:
==== Setting Velocity X: 0 ====


move [2018-09-20 20:25:44] INFO:
-- Done X: 0 ====


move [2018-09-20 20:25:44] INFO:
==== Setting Velocity Y: 0 ====


move [2018-09-20 20:25:44] INFO:
-- Done Y: 0 ====


move [2018-09-20 20:25:44] INFO:
-- Getting Obj Movement: 000000000068FBF0


move [2018-09-20 20:25:44] INFO:
-- Direction: X: 0.000000 | 0.000000


move [2018-09-20 20:25:44] INFO:
-- UpdatingVelocity


move [2018-09-20 20:25:44] INFO:
==== Applying Velocity ====


move [2018-09-20 20:25:44] INFO:
Move To: X: 0 + 0 | Y: 0  + 0


move [2018-09-20 20:25:44] INFO:
Move To: X: 0 | Y: 0


move [2018-09-20 20:25:44] INFO:
==== Applying Velocity DONE ====


anim [2018-09-20 20:25:44] ERROR:
UnLock Set Velocity: wall_Object


move [2018-09-20 20:25:44] INFO:
-- Set Velocity Done


obj [2018-09-20 20:25:44] INFO:
-- Set Surface


obj [2018-09-20 20:25:44] INFO:
-- Setting Obj Surface


obj [2018-09-20 20:25:44] INFO:
-- Simple Object Ready


obj [2018-09-20 20:25:44] DEBUG:
--name: wall_Object
--z-index: 2
--pos: x: 150 | y:350 | w:60 | h:50


obj [2018-09-20 20:25:44] DEBUG:
-- Adding Node


obj [2018-09-20 20:25:44] DEBUG:
-- Adding TEST


obj [2018-09-20 20:25:44] DEBUG:
-- nodeID: 3


obj [2018-09-20 20:25:44] DEBUG:
-- Setting Layer


obj [2018-09-20 20:25:44] DEBUG:
-- Added To Layer


sprite [2018-09-20 20:25:44] ERROR:
Right Pressed !!!


sprite [2018-09-20 20:25:44] ERROR:
CALL MOVE DIR Pressed !!!


controller [2018-09-20 20:25:44] ERROR:
=== MOVE DIR ===


controller [2018-09-20 20:25:44] ERROR:
-- Factor: 1


controller [2018-09-20 20:25:44] ERROR:
-- Max: 60


controller [2018-09-20 20:25:44] ERROR:
-- Set Velocity


controller [2018-09-20 20:25:44] ERROR:
-- X: 60


controller [2018-09-20 20:25:44] ERROR:
-- Y: 0


move [2018-09-20 20:25:44] INFO:
==== Setting Velocity ====


move [2018-09-20 20:25:44] DEBUG:
-- Obj: Player-1_Object


move [2018-09-20 20:25:44] DEBUG:
-- vel: X: 60 | Y: 0


move [2018-09-20 20:25:44] INFO:
==== Setting Velocity X: 60 ====


move [2018-09-20 20:25:44] INFO:
-- Done X: 60 ====


move [2018-09-20 20:25:44] INFO:
==== Setting Velocity Y: 0 ====


move [2018-09-20 20:25:44] INFO:
-- Done Y: 0 ====


move [2018-09-20 20:25:44] INFO:
-- Getting Obj Movement: 000000000068FAF0


move [2018-09-20 20:25:44] INFO:
-- Direction: X: 0.000000 | 0.000000


move [2018-09-20 20:25:44] INFO:
-- UpdatingVelocity


move [2018-09-20 20:25:44] INFO:
==== Applying Velocity ====


move [2018-09-20 20:25:44] INFO:
Move To: X: 0 + 60 | Y: 350  + 0


move [2018-09-20 20:25:44] INFO:
Move To: X: 60 | Y: 350


move [2018-09-20 20:25:44] INFO:
==== Applying Velocity DONE ====


anim [2018-09-20 20:25:44] ERROR:
UnLock Set Velocity: Player-1_Object


move [2018-09-20 20:25:44] INFO:
-- Set Velocity Done


sprite [2018-09-20 20:25:44] ERROR:
-- Calling Sprite Animation: Player-1_Object #2 => Run


sprite [2018-09-20 20:25:44] ERROR:
Down Pressed !!!


main [2018-09-20 20:25:44] WARNING:
-- NOT IN AIR !!!!


main [2018-09-20 20:25:44] ERROR:
Trying To Unlock Thread None Locked Mutex: delayedFnc-0 | FROM Call Delayed-1


main [2018-09-20 20:25:44] ERROR:
-- Locked By (null)


main [2018-09-20 20:25:44] ERROR:
-- UnLocked By (null)


timer [2018-09-20 20:25:45] ERROR:
=== RESUMING DELAYED: delayedFnc-0 ===


sprite [2018-09-20 20:25:45] ERROR:
Top Pressed !!!


main [2018-09-20 20:25:45] WARNING:
-- NOT IN AIR !!!!


move [2018-09-20 20:25:45] INFO:
==== Adding Velocity ====


move [2018-09-20 20:25:45] DEBUG:
-- Obj: Player-1_Object


move [2018-09-20 20:25:45] DEBUG:
-- vel: X: 0 | Y: -30


move [2018-09-20 20:25:45] INFO:
==== Setting Velocity ====


move [2018-09-20 20:25:45] DEBUG:
-- Obj: Player-1_Object


move [2018-09-20 20:25:45] DEBUG:
-- vel: X: 60 | Y: -30


move [2018-09-20 20:25:45] INFO:
==== Setting Velocity X: 60 ====


move [2018-09-20 20:25:45] INFO:
-- Done X: 60 ====


move [2018-09-20 20:25:45] INFO:
==== Setting Velocity Y: -30 ====


move [2018-09-20 20:25:45] INFO:
-- Done Y: -30 ====


move [2018-09-20 20:25:45] INFO:
-- Getting Obj Movement: 000000000D97FD30


move [2018-09-20 20:25:45] INFO:
-- Direction: X: 0.000000 | 0.000000


move [2018-09-20 20:25:45] INFO:
-- UpdatingVelocity


move [2018-09-20 20:25:45] INFO:
==== Applying Velocity ====


move [2018-09-20 20:25:45] INFO:
Move To: X: 48 + 60 | Y: 350  + -30


move [2018-09-20 20:25:45] INFO:
Move To: X: 108 | Y: 320


move [2018-09-20 20:25:45] INFO:
==== Applying Velocity DONE ====


anim [2018-09-20 20:25:45] ERROR:
UnLock Set Velocity: Player-1_Object


move [2018-09-20 20:25:45] INFO:
-- Set Velocity Done


sprite [2018-09-20 20:25:45] ERROR:
===== !!!! Run2Jump !!!! ====


sprite [2018-09-20 20:25:45] ERROR:
-- Calling Sprite Animation: Player-1_Object #4 => Jump


main [2018-09-20 20:25:45] ERROR:
Trying To Unlock Thread None Locked Mutex: Player-1_Object | FROM ANIMMATE-SPRITE-1


main [2018-09-20 20:25:45] ERROR:
-- Locked By ANIMMATE-SPRITE-0


main [2018-09-20 20:25:45] ERROR:
-- UnLocked By Set Velocity-1


sprite [2018-09-20 20:25:45] ERROR:
Down Pressed !!!


main [2018-09-20 20:25:45] ERROR:
Trying To Unlock Thread None Locked Mutex: delayedFnc-1 | FROM Call Delayed-1


main [2018-09-20 20:25:45] ERROR:
-- Locked By (null)


main [2018-09-20 20:25:45] ERROR:
-- UnLocked By (null)


move [2018-09-20 20:25:45] INFO:
==== Setting Velocity Y: 30 ====


move [2018-09-20 20:25:45] INFO:
-- Done Y: 30 ====


move [2018-09-20 20:25:45] INFO:
==== Applying Velocity ====


move [2018-09-20 20:25:45] INFO:
Move To: X: 76 + 60 | Y: 336  + 30


move [2018-09-20 20:25:45] INFO:
Move To: X: 136 | Y: 366


move [2018-09-20 20:25:45] INFO:
==== Applying Velocity DONE ====


sprite [2018-09-20 20:25:45] ERROR:
-- Calling Sprite Animation: Player-1_Object #5 => Fall


main [2018-09-20 20:25:45] ERROR:
Trying To Unlock Thread None Locked Mutex: Player-1_Object | FROM ANIMMATE-SPRITE-1


main [2018-09-20 20:25:45] ERROR:
-- Locked By ANIMMATE-SPRITE-0


main [2018-09-20 20:25:45] ERROR:
-- UnLocked By Set Velocity Y-1


timer [2018-09-20 20:25:45] ERROR:
=== RESUMING DELAYED: delayedFnc-1 ===


sprite [2018-09-20 20:25:45] ERROR:
Top Pressed !!!


main [2018-09-20 20:25:45] WARNING:
-- IN AIR


main [2018-09-20 20:25:45] WARNING:
-- Set Double Jump


move [2018-09-20 20:25:45] INFO:
==== Adding Velocity ====


move [2018-09-20 20:25:45] DEBUG:
-- Obj: Player-1_Object


move [2018-09-20 20:25:45] DEBUG:
-- vel: X: 0 | Y: -30


move [2018-09-20 20:25:45] INFO:
==== Setting Velocity ====


move [2018-09-20 20:25:45] DEBUG:
-- Obj: Player-1_Object


move [2018-09-20 20:25:45] DEBUG:
-- vel: X: 60 | Y: 0


move [2018-09-20 20:25:45] INFO:
==== Setting Velocity X: 60 ====


move [2018-09-20 20:25:45] INFO:
-- Done X: 60 ====


move [2018-09-20 20:25:45] INFO:
==== Setting Velocity Y: 0 ====


move [2018-09-20 20:25:45] INFO:
-- Done Y: 0 ====


move [2018-09-20 20:25:45] INFO:
-- Getting Obj Movement: 000000000DD7FD30


move [2018-09-20 20:25:45] INFO:
-- Direction: X: 0.000000 | 0.000000


move [2018-09-20 20:25:45] INFO:
-- UpdatingVelocity


move [2018-09-20 20:25:45] INFO:
==== Applying Velocity ====


move [2018-09-20 20:25:45] INFO:
Move To: X: 78 + 60 | Y: 337  + 0


move [2018-09-20 20:25:45] INFO:
Move To: X: 138 | Y: 337


sprite [2018-09-20 20:25:45] ERROR:
===== !!!!  Jump2DoubleJump !!!! ====


move [2018-09-20 20:25:45] INFO:
==== Setting Velocity Y: -45 ====


move [2018-09-20 20:25:45] INFO:
-- Done Y: -45 ====


move [2018-09-20 20:25:45] INFO:
==== Applying Velocity DONE ====


anim [2018-09-20 20:25:45] ERROR:
UnLock Set Velocity: Player-1_Object


move [2018-09-20 20:25:45] INFO:
-- Set Velocity Done


move [2018-09-20 20:25:45] INFO:
==== Applying Velocity ====


move [2018-09-20 20:25:45] INFO:
Move To: X: 78 + 60 | Y: 337  + -45


move [2018-09-20 20:25:45] INFO:
Move To: X: 138 | Y: 292


move [2018-09-20 20:25:45] INFO:
==== Applying Velocity DONE ====


main [2018-09-20 20:25:45] ERROR:
Trying To Unlock Thread None Locked Mutex: Player-1_Object | FROM Set Velocity Y-1


main [2018-09-20 20:25:45] ERROR:
-- Locked By Set Velocity-0


main [2018-09-20 20:25:45] ERROR:
-- UnLocked By Set Velocity-1


sprite [2018-09-20 20:25:45] ERROR:
-- Calling Sprite Animation: Player-1_Object #7 => DoubleJump


main [2018-09-20 20:25:45] ERROR:
Trying To Unlock Thread None Locked Mutex: Player-1_Object | FROM ANIMMATE-SPRITE-1


main [2018-09-20 20:25:45] ERROR:
-- Locked By Set Velocity-0


main [2018-09-20 20:25:45] ERROR:
-- UnLocked By Set Velocity-1


move [2018-09-20 20:25:45] INFO:
==== Setting Velocity Y: 30 ====


move [2018-09-20 20:25:45] INFO:
-- Done Y: 30 ====


move [2018-09-20 20:25:45] INFO:
==== Applying Velocity ====


move [2018-09-20 20:25:45] INFO:
Move To: X: 104 + 60 | Y: 311  + 30


move [2018-09-20 20:25:45] INFO:
Move To: X: 164 | Y: 341


move [2018-09-20 20:25:45] INFO:
==== Applying Velocity DONE ====


sprite [2018-09-20 20:25:45] ERROR:
-- Calling Sprite Animation: Player-1_Object #5 => Fall


main [2018-09-20 20:25:45] ERROR:
Trying To Unlock Thread None Locked Mutex: Player-1_Object | FROM ANIMMATE-SPRITE-1


main [2018-09-20 20:25:45] ERROR:
-- Locked By ANIMMATE-SPRITE-0


main [2018-09-20 20:25:45] ERROR:
-- UnLocked By Set Velocity Y-1


move [2018-09-20 20:25:45] INFO:
==== Setting Velocity Y: 0 ====


move [2018-09-20 20:25:45] INFO:
-- Done Y: 0 ====


move [2018-09-20 20:25:45] INFO:
==== Applying Velocity ====


move [2018-09-20 20:25:45] INFO:
Move To: X: 130 + 60 | Y: 324  + 0


move [2018-09-20 20:25:45] INFO:
Move To: X: 190 | Y: 324


move [2018-09-20 20:25:45] INFO:
==== Applying Velocity DONE ====


sprite [2018-09-20 20:25:45] ERROR:
-- Calling Sprite Animation: Player-1_Object #6 => Land


main [2018-09-20 20:25:45] ERROR:
Trying To Unlock Thread None Locked Mutex: Player-1_Object | FROM ANIMMATE-SPRITE-1


main [2018-09-20 20:25:45] ERROR:
-- Locked By ANIMMATE-SPRITE-0


main [2018-09-20 20:25:45] ERROR:
-- UnLocked By Set Velocity Y-1


sprite [2018-09-20 20:25:45] ERROR:
BTN Realeased !!!


move [2018-09-20 20:25:45] INFO:
==== Setting Velocity ====


move [2018-09-20 20:25:45] DEBUG:
-- Obj: Player-1_Object


move [2018-09-20 20:25:45] DEBUG:
-- vel: X: 0 | Y: 0


move [2018-09-20 20:25:45] INFO:
==== Setting Velocity X: 0 ====


move [2018-09-20 20:25:45] INFO:
-- Done X: 0 ====


move [2018-09-20 20:25:45] INFO:
==== Setting Velocity Y: 0 ====


move [2018-09-20 20:25:45] INFO:
-- Done Y: 0 ====


move [2018-09-20 20:25:45] INFO:
-- Getting Obj Movement: 000000000068FB10


move [2018-09-20 20:25:45] INFO:
-- Direction: X: 0.000000 | 0.000000


move [2018-09-20 20:25:45] INFO:
-- UpdatingVelocity


move [2018-09-20 20:25:45] INFO:
==== Applying Velocity ====


move [2018-09-20 20:25:45] INFO:
Move To: X: 142 + 0 | Y: 324  + 0


move [2018-09-20 20:25:45] INFO:
Move To: X: 142 | Y: 324


move [2018-09-20 20:25:45] INFO:
==== Applying Velocity DONE ====


anim [2018-09-20 20:25:45] ERROR:
UnLock Set Velocity: Player-1_Object


move [2018-09-20 20:25:45] INFO:
-- Set Velocity Done


sprite [2018-09-20 20:25:45] ERROR:
-- Calling Sprite Animation: Player-1_Object #1 => Idle


main [2018-09-20 20:25:45] ERROR:
Trying To Unlock Thread None Locked Mutex: Player-1_Object | FROM ANIMMATE-SPRITE-1


main [2018-09-20 20:25:45] ERROR:
-- Locked By Set Velocity-0


main [2018-09-20 20:25:45] ERROR:
-- UnLocked By Set Velocity-1


sprite [2018-09-20 20:25:45] ERROR:
Right Pressed !!!


sprite [2018-09-20 20:25:45] ERROR:
CALL MOVE DIR Pressed !!!


controller [2018-09-20 20:25:45] ERROR:
=== MOVE DIR ===


controller [2018-09-20 20:25:45] ERROR:
-- Factor: -1


controller [2018-09-20 20:25:45] ERROR:
-- Max: 60


controller [2018-09-20 20:25:45] ERROR:
-- Set Velocity


controller [2018-09-20 20:25:45] ERROR:
-- X: -60


controller [2018-09-20 20:25:45] ERROR:
-- Y: 0


move [2018-09-20 20:25:45] INFO:
==== Setting Velocity ====


move [2018-09-20 20:25:45] DEBUG:
-- Obj: Player-1_Object


move [2018-09-20 20:25:45] DEBUG:
-- vel: X: -60 | Y: 0


move [2018-09-20 20:25:45] INFO:
==== Setting Velocity X: -60 ====


move [2018-09-20 20:25:45] INFO:
-- Done X: -60 ====


move [2018-09-20 20:25:45] INFO:
==== Setting Velocity Y: 0 ====


move [2018-09-20 20:25:45] INFO:
-- Done Y: 0 ====


move [2018-09-20 20:25:45] INFO:
-- Getting Obj Movement: 000000000068FAF0


move [2018-09-20 20:25:45] INFO:
-- Direction: X: 0.000000 | 0.000000


move [2018-09-20 20:25:45] INFO:
-- UpdatingVelocity


move [2018-09-20 20:25:45] INFO:
==== Applying Velocity ====


move [2018-09-20 20:25:45] INFO:
Move To: X: 142 + -60 | Y: 324  + 0


move [2018-09-20 20:25:45] INFO:
Move To: X: 82 | Y: 324


move [2018-09-20 20:25:45] INFO:
==== Applying Velocity DONE ====


anim [2018-09-20 20:25:45] ERROR:
UnLock Set Velocity: Player-1_Object


move [2018-09-20 20:25:45] INFO:
-- Set Velocity Done


sprite [2018-09-20 20:25:45] ERROR:
-- Calling Sprite Animation: Player-1_Object #2 => Run


sprite [2018-09-20 20:25:45] ERROR:
Down Pressed !!!


main [2018-09-20 20:25:45] WARNING:
-- NOT IN AIR !!!!


main [2018-09-20 20:25:45] ERROR:
Trying To Unlock Thread None Locked Mutex: delayedFnc-2 | FROM Call Delayed-1


main [2018-09-20 20:25:45] ERROR:
-- Locked By (null)


main [2018-09-20 20:25:45] ERROR:
-- UnLocked By (null)


timer [2018-09-20 20:25:45] ERROR:
=== RESUMING DELAYED: delayedFnc-2 ===


sprite [2018-09-20 20:25:45] ERROR:
Top Pressed !!!


main [2018-09-20 20:25:45] WARNING:
-- NOT IN AIR !!!!


move [2018-09-20 20:25:45] INFO:
==== Adding Velocity ====


move [2018-09-20 20:25:45] DEBUG:
-- Obj: Player-1_Object


move [2018-09-20 20:25:45] DEBUG:
-- vel: X: 0 | Y: -30


move [2018-09-20 20:25:45] INFO:
==== Setting Velocity ====


move [2018-09-20 20:25:45] DEBUG:
-- Obj: Player-1_Object


move [2018-09-20 20:25:45] DEBUG:
-- vel: X: -60 | Y: -30


move [2018-09-20 20:25:45] INFO:
==== Setting Velocity X: -60 ====


move [2018-09-20 20:25:45] INFO:
-- Done X: -60 ====


move [2018-09-20 20:25:45] INFO:
==== Setting Velocity Y: -30 ====


move [2018-09-20 20:25:45] INFO:
-- Done Y: -30 ====


move [2018-09-20 20:25:45] INFO:
-- Getting Obj Movement: 000000000E17FD30


move [2018-09-20 20:25:45] INFO:
-- Direction: X: 0.000000 | 0.000000


move [2018-09-20 20:25:45] INFO:
-- UpdatingVelocity


move [2018-09-20 20:25:45] INFO:
==== Applying Velocity ====


move [2018-09-20 20:25:45] INFO:
Move To: X: 128 + -60 | Y: 324  + -30


move [2018-09-20 20:25:45] INFO:
Move To: X: 68 | Y: 294


move [2018-09-20 20:25:45] INFO:
==== Applying Velocity DONE ====


anim [2018-09-20 20:25:45] ERROR:
UnLock Set Velocity: Player-1_Object


move [2018-09-20 20:25:45] INFO:
-- Set Velocity Done


sprite [2018-09-20 20:25:45] ERROR:
===== !!!! Run2Jump !!!! ====


sprite [2018-09-20 20:25:45] ERROR:
-- Calling Sprite Animation: Player-1_Object #4 => Jump


sprite [2018-09-20 20:25:46] ERROR:
Down Pressed !!!


main [2018-09-20 20:25:46] ERROR:
Trying To Unlock Thread None Locked Mutex: delayedFnc-3 | FROM Call Delayed-1


main [2018-09-20 20:25:46] ERROR:
-- Locked By (null)


main [2018-09-20 20:25:46] ERROR:
-- UnLocked By (null)


timer [2018-09-20 20:25:46] ERROR:
=== RESUMING DELAYED: delayedFnc-3 ===


sprite [2018-09-20 20:25:46] ERROR:
Top Pressed !!!


main [2018-09-20 20:25:46] WARNING:
-- IN AIR


main [2018-09-20 20:25:46] WARNING:
-- Set Double Jump


move [2018-09-20 20:25:46] INFO:
==== Adding Velocity ====


move [2018-09-20 20:25:46] DEBUG:
-- Obj: Player-1_Object


move [2018-09-20 20:25:46] DEBUG:
-- vel: X: 0 | Y: -30


move [2018-09-20 20:25:46] INFO:
==== Setting Velocity ====


move [2018-09-20 20:25:46] DEBUG:
-- Obj: Player-1_Object


move [2018-09-20 20:25:46] DEBUG:
-- vel: X: -60 | Y: -60


move [2018-09-20 20:25:46] INFO:
==== Setting Velocity X: -60 ====


move [2018-09-20 20:25:46] INFO:
-- Done X: -60 ====


move [2018-09-20 20:25:46] INFO:
==== Setting Velocity Y: -60 ====


move [2018-09-20 20:25:46] INFO:
-- Done Y: -60 ====


move [2018-09-20 20:25:46] INFO:
-- Getting Obj Movement: 000000000E57FD30


move [2018-09-20 20:25:46] INFO:
-- Direction: X: 0.000000 | 0.000000


move [2018-09-20 20:25:46] INFO:
-- UpdatingVelocity


move [2018-09-20 20:25:46] INFO:
==== Applying Velocity ====


move [2018-09-20 20:25:46] INFO:
Move To: X: 102 + -60 | Y: 311  + -60


move [2018-09-20 20:25:46] INFO:
Move To: X: 42 | Y: 251


move [2018-09-20 20:25:46] INFO:
==== Applying Velocity DONE ====


anim [2018-09-20 20:25:46] ERROR:
UnLock Set Velocity: Player-1_Object


move [2018-09-20 20:25:46] INFO:
-- Set Velocity Done


move [2018-09-20 20:25:46] INFO:
==== Setting Velocity Y: 30 ====


move [2018-09-20 20:25:46] INFO:
-- Done Y: 30 ====


move [2018-09-20 20:25:46] INFO:
==== Applying Velocity ====


move [2018-09-20 20:25:46] INFO:
Move To: X: 100 + -60 | Y: 309  + 30


move [2018-09-20 20:25:46] INFO:
Move To: X: 40 | Y: 339


move [2018-09-20 20:25:46] INFO:
==== Applying Velocity DONE ====


sprite [2018-09-20 20:25:46] ERROR:
-- Calling Sprite Animation: Player-1_Object #5 => Fall


main [2018-09-20 20:25:46] ERROR:
Trying To Unlock Thread None Locked Mutex: Player-1_Object | FROM ANIMMATE-SPRITE-1


main [2018-09-20 20:25:46] ERROR:
-- Locked By ANIMMATE-SPRITE-0


main [2018-09-20 20:25:46] ERROR:
-- UnLocked By Set Velocity Y-1


sprite [2018-09-20 20:25:46] ERROR:
===== !!!!  Jump2DoubleJump !!!! ====


move [2018-09-20 20:25:46] INFO:
==== Setting Velocity Y: -45 ====


move [2018-09-20 20:25:46] INFO:
-- Done Y: -45 ====


move [2018-09-20 20:25:46] INFO:
==== Applying Velocity ====


move [2018-09-20 20:25:46] INFO:
Move To: X: 98 + -60 | Y: 310  + -45


move [2018-09-20 20:25:46] INFO:
Move To: X: 38 | Y: 265


move [2018-09-20 20:25:46] INFO:
==== Applying Velocity DONE ====


sprite [2018-09-20 20:25:46] ERROR:
-- Calling Sprite Animation: Player-1_Object #7 => DoubleJump


main [2018-09-20 20:25:46] ERROR:
Trying To Unlock Thread None Locked Mutex: Player-1_Object | FROM ANIMMATE-SPRITE-1


main [2018-09-20 20:25:46] ERROR:
-- Locked By ANIMMATE-SPRITE-0


main [2018-09-20 20:25:46] ERROR:
-- UnLocked By Set Velocity Y-1


sprite [2018-09-20 20:25:46] ERROR:
BTN Realeased !!!


move [2018-09-20 20:25:46] INFO:
==== Setting Velocity ====


move [2018-09-20 20:25:46] DEBUG:
-- Obj: Player-1_Object


move [2018-09-20 20:25:46] DEBUG:
-- vel: X: 0 | Y: 0


move [2018-09-20 20:25:46] INFO:
==== Setting Velocity X: 0 ====


move [2018-09-20 20:25:46] INFO:
-- Done X: 0 ====


move [2018-09-20 20:25:46] INFO:
==== Setting Velocity Y: 0 ====


move [2018-09-20 20:25:46] INFO:
-- Done Y: 0 ====


move [2018-09-20 20:25:46] INFO:
-- Getting Obj Movement: 000000000068FB10


move [2018-09-20 20:25:46] INFO:
-- Direction: X: 0.000000 | 0.000000


move [2018-09-20 20:25:46] INFO:
-- UpdatingVelocity


move [2018-09-20 20:25:46] INFO:
==== Applying Velocity ====


move [2018-09-20 20:25:46] INFO:
Move To: X: 80 + 0 | Y: 292  + 0


move [2018-09-20 20:25:46] INFO:
Move To: X: 80 | Y: 292


move [2018-09-20 20:25:46] INFO:
==== Applying Velocity DONE ====


anim [2018-09-20 20:25:46] ERROR:
UnLock Set Velocity: Player-1_Object


move [2018-09-20 20:25:46] INFO:
-- Set Velocity Done


move [2018-09-20 20:25:46] INFO:
==== Setting Velocity Y: 30 ====


move [2018-09-20 20:25:46] INFO:
-- Done Y: 30 ====


move [2018-09-20 20:25:46] INFO:
==== Applying Velocity ====


move [2018-09-20 20:25:46] INFO:
Move To: X: 80 + 0 | Y: 292  + 30


move [2018-09-20 20:25:46] INFO:
Move To: X: 80 | Y: 322


move [2018-09-20 20:25:46] INFO:
==== Applying Velocity DONE ====


sprite [2018-09-20 20:25:46] ERROR:
-- Calling Sprite Animation: Player-1_Object #5 => Fall


main [2018-09-20 20:25:46] ERROR:
Trying To Unlock Thread None Locked Mutex: Player-1_Object | FROM ANIMMATE-SPRITE-1


main [2018-09-20 20:25:46] ERROR:
-- Locked By ANIMMATE-SPRITE-0


main [2018-09-20 20:25:46] ERROR:
-- UnLocked By Set Velocity Y-1


move [2018-09-20 20:25:46] INFO:
==== Setting Velocity Y: 0 ====


move [2018-09-20 20:25:46] INFO:
-- Done Y: 0 ====


move [2018-09-20 20:25:46] INFO:
==== Applying Velocity ====


move [2018-09-20 20:25:46] INFO:
Move To: X: 80 + 0 | Y: 305  + 0


move [2018-09-20 20:25:46] INFO:
Move To: X: 80 | Y: 305


move [2018-09-20 20:25:46] INFO:
==== Applying Velocity DONE ====


sprite [2018-09-20 20:25:46] ERROR:
-- Calling Sprite Animation: Player-1_Object #6 => Land


main [2018-09-20 20:25:46] ERROR:
Trying To Unlock Thread None Locked Mutex: Player-1_Object | FROM ANIMMATE-SPRITE-1


main [2018-09-20 20:25:46] ERROR:
-- Locked By ANIMMATE-SPRITE-0


main [2018-09-20 20:25:46] ERROR:
-- UnLocked By Set Velocity Y-1


sprite [2018-09-20 20:25:46] ERROR:
-- Calling Sprite Animation: Player-1_Object #1 => Idle


event [2018-09-20 20:27:21] ERROR:
############# Event: Quit ##################


timer [2018-09-20 20:27:21] WARNING:
##### CLEARING DELAYED FUNCTIONS #####


timer [2018-09-20 20:27:21] WARNING:
=== Clearing DELAYED: Timer Thread ===


timer [2018-09-20 20:27:21] WARNING:
=== Clearing Un Completed DELAYED Function: Timer Thread ===


timer [2018-09-20 20:27:21] WARNING:
##### Killing Delayed Function #####


timer [2018-09-20 20:27:21] WARNING:
KILL: Ask-LOCK


timer [2018-09-20 20:27:21] WARNING:
KILL: LOCK


timer [2018-09-20 20:27:21] WARNING:
=== Breaking Function


timer [2018-09-20 20:27:21] WARNING:
KILL: UN-LOCK


timer [2018-09-20 20:27:21] WARNING:
-- FORCE CONDITION KILL FUNCTION THREAD


timer [2018-09-20 20:27:21] WARNING:
-- FORCE KILL FUNCTION THREAD


timer [2018-09-20 20:27:21] WARNING:
-- FORCE KILL FUNCTION THREAD CALLED


timer [2018-09-20 20:27:21] WARNING:
-- KILL LAUNCHER THREAD SUCCESS !!!


timer [2018-09-20 20:27:21] WARNING:
=== Clearing Un Completed DELAYED Function: Timer Thread ===


main [2018-09-20 20:27:21] ERROR:
Trying To Unlock Thread None Locked Mutex: delayedFnc-0 | FROM Call Delayed-7


main [2018-09-20 20:27:21] ERROR:
-- Locked By Call Delayed-6


main [2018-09-20 20:27:21] ERROR:
-- UnLocked By Kill Launcher-1


timer [2018-09-20 20:27:21] WARNING:
=== Clearing DELAYED: Timer Thread ===


timer [2018-09-20 20:27:21] WARNING:
=== Clearing Un Completed DELAYED Function: Timer Thread ===


timer [2018-09-20 20:27:21] WARNING:
##### Killing Delayed Function #####


timer [2018-09-20 20:27:21] WARNING:
KILL: Ask-LOCK


timer [2018-09-20 20:27:21] WARNING:
KILL: LOCK


timer [2018-09-20 20:27:21] WARNING:
=== Breaking Function


timer [2018-09-20 20:27:21] WARNING:
KILL: UN-LOCK


timer [2018-09-20 20:27:21] WARNING:
-- FORCE CONDITION KILL FUNCTION THREAD


timer [2018-09-20 20:27:21] WARNING:
-- FORCE KILL FUNCTION THREAD


timer [2018-09-20 20:27:21] WARNING:
-- FORCE KILL FUNCTION THREAD CALLED


timer [2018-09-20 20:27:21] WARNING:
-- KILL LAUNCHER THREAD SUCCESS !!!


timer [2018-09-20 20:27:21] WARNING:
=== Clearing Un Completed DELAYED Function: Timer Thread ===


main [2018-09-20 20:27:21] ERROR:
Trying To Unlock Thread None Locked Mutex: delayedFnc-1 | FROM Call Delayed-7


main [2018-09-20 20:27:21] ERROR:
-- Locked By Call Delayed-6


main [2018-09-20 20:27:21] ERROR:
-- UnLocked By Kill Launcher-1


timer [2018-09-20 20:27:21] WARNING:
=== Clearing DELAYED: Timer Thread ===


timer [2018-09-20 20:27:21] WARNING:
=== Clearing Un Completed DELAYED Function: Timer Thread ===


timer [2018-09-20 20:27:21] WARNING:
##### Killing Delayed Function #####


timer [2018-09-20 20:27:21] WARNING:
KILL: Ask-LOCK


timer [2018-09-20 20:27:21] WARNING:
KILL: LOCK


timer [2018-09-20 20:27:21] WARNING:
=== Breaking Function


timer [2018-09-20 20:27:21] WARNING:
KILL: UN-LOCK


timer [2018-09-20 20:27:21] WARNING:
-- FORCE CONDITION KILL FUNCTION THREAD


timer [2018-09-20 20:27:21] WARNING:
-- FORCE KILL FUNCTION THREAD


timer [2018-09-20 20:27:21] WARNING:
-- FORCE KILL FUNCTION THREAD CALLED


timer [2018-09-20 20:27:21] WARNING:
-- KILL LAUNCHER THREAD SUCCESS !!!


timer [2018-09-20 20:27:21] WARNING:
=== Clearing Un Completed DELAYED Function: Timer Thread ===


timer [2018-09-20 20:27:21] WARNING:
=== Clearing DELAYED: Timer Thread ===


timer [2018-09-20 20:27:21] WARNING:
=== Clearing Un Completed DELAYED Function: Timer Thread ===


timer [2018-09-20 20:27:21] WARNING:
##### Killing Delayed Function #####


timer [2018-09-20 20:27:21] WARNING:
KILL: Ask-LOCK


timer [2018-09-20 20:27:21] WARNING:
KILL: LOCK


timer [2018-09-20 20:27:21] WARNING:
=== Breaking Function


main [2018-09-20 20:27:21] ERROR:
Trying To Unlock Thread None Locked Mutex: delayedFnc-2 | FROM Call Delayed-7


main [2018-09-20 20:27:21] ERROR:
-- Locked By Call Delayed-6


main [2018-09-20 20:27:21] ERROR:
-- UnLocked By Kill Launcher-1


timer [2018-09-20 20:27:21] WARNING:
KILL: UN-LOCK


timer [2018-09-20 20:27:21] WARNING:
-- FORCE CONDITION KILL FUNCTION THREAD


timer [2018-09-20 20:27:21] WARNING:
-- FORCE KILL FUNCTION THREAD


timer [2018-09-20 20:27:21] WARNING:
-- FORCE KILL FUNCTION THREAD CALLED


timer [2018-09-20 20:27:21] WARNING:
-- KILL LAUNCHER THREAD SUCCESS !!!


timer [2018-09-20 20:27:21] WARNING:
=== Clearing Un Completed DELAYED Function: Timer Thread ===


timer [2018-09-20 20:27:21] WARNING:
##### DELETING TIMER #####


main [2018-09-20 20:27:21] ERROR:
Trying To Unlock Thread None Locked Mutex: delayedFnc-3 | FROM Call Delayed-7


main [2018-09-20 20:27:21] ERROR:
-- Locked By Call Delayed-6


main [2018-09-20 20:27:21] ERROR:
-- UnLocked By Kill Launcher-1


obj [2018-09-20 20:27:21] INFO:
==== CLEARING Objects ====


obj [2018-09-20 20:27:21] DEBUG:
-- Getting Objects


obj [2018-09-20 20:27:21] DEBUG:
-- Len: 3


obj [2018-09-20 20:27:21] DEBUG:
-- Deleting


obj [2018-09-20 20:27:21] DEBUG:
-- Deleting: Player-1_Object


obj [2018-09-20 20:27:21] INFO:
===== Deleting Object ====


obj [2018-09-20 20:27:21] DEBUG:
-- Name: Player-1_Object


obj [2018-09-20 20:27:21] DEBUG:
-- Deleting From : #Layer-2


obj [2018-09-20 20:27:21] DEBUG:
-- Remove From Anim


obj [2018-09-20 20:27:21] DEBUG:
-- Delete Object


obj [2018-09-20 20:27:21] DEBUG:
===== DELETE OBJECT DONE ====


obj [2018-09-20 20:27:21] DEBUG:
-- Deleting


obj [2018-09-20 20:27:21] DEBUG:
-- Deleting: Player-2_Object


obj [2018-09-20 20:27:21] INFO:
===== Deleting Object ====


obj [2018-09-20 20:27:21] DEBUG:
-- Name: Player-2_Object


obj [2018-09-20 20:27:21] DEBUG:
-- Deleting From : #Layer-2


obj [2018-09-20 20:27:21] DEBUG:
-- Remove From Anim


obj [2018-09-20 20:27:21] DEBUG:
-- Delete Object


obj [2018-09-20 20:27:21] DEBUG:
===== DELETE OBJECT DONE ====


obj [2018-09-20 20:27:21] DEBUG:
-- Deleting


obj [2018-09-20 20:27:21] DEBUG:
-- Deleting: wall_Object


obj [2018-09-20 20:27:21] INFO:
===== Deleting Object ====


obj [2018-09-20 20:27:21] DEBUG:
-- Name: wall_Object


obj [2018-09-20 20:27:21] DEBUG:
-- Deleting From : #Layer-2


obj [2018-09-20 20:27:21] DEBUG:
-- Remove From Anim


obj [2018-09-20 20:27:21] DEBUG:
-- Delete Object


obj [2018-09-20 20:27:21] DEBUG:
===== DELETE OBJECT DONE ====


 [2018-09-20 20:27:28] DEBUG:
-- Init Project


 [2018-09-20 20:27:28] INFO:
==== INIT PROJECT ====


 [2018-09-20 20:27:28] INFO:
==== INIT PROJECT FLAGS ====


char [2018-09-20 20:27:28] ERROR:
-- New Char Obj: Player-1


sprite [2018-09-20 20:27:28] ERROR:
-- Init Sprite Object: Player-1


obj [2018-09-20 20:27:28] ERROR:
-- INIT SIMPLE OBJECT Player-1


obj [2018-09-20 20:27:28] INFO:
-- Set Name


obj [2018-09-20 20:27:28] ERROR:
-- TestLen: 8


obj [2018-09-20 20:27:28] ERROR:
-- Len: 16


obj [2018-09-20 20:27:28] INFO:
-- Set Velocity


move [2018-09-20 20:27:28] INFO:
==== Setting Velocity ====


move [2018-09-20 20:27:28] DEBUG:
-- Obj: Player-1_Object


move [2018-09-20 20:27:28] DEBUG:
-- vel: X: 0 | Y: 0


move [2018-09-20 20:27:28] INFO:
==== Setting Velocity X: 0 ====


move [2018-09-20 20:27:28] INFO:
-- Done X: 0 ====


move [2018-09-20 20:27:28] INFO:
==== Setting Velocity Y: 0 ====


move [2018-09-20 20:27:28] INFO:
-- Done Y: 0 ====


move [2018-09-20 20:27:28] INFO:
-- Getting Obj Movement: 000000000068F950


move [2018-09-20 20:27:28] INFO:
-- Direction: X: 0.000000 | 0.000000


move [2018-09-20 20:27:28] INFO:
-- UpdatingVelocity


move [2018-09-20 20:27:28] INFO:
==== Applying Velocity ====


move [2018-09-20 20:27:28] INFO:
Move To: X: 0 + 0 | Y: 0  + 0


move [2018-09-20 20:27:28] INFO:
Move To: X: 0 | Y: 0


move [2018-09-20 20:27:28] INFO:
==== Applying Velocity DONE ====


anim [2018-09-20 20:27:28] ERROR:
UnLock Set Velocity: Player-1_Object


move [2018-09-20 20:27:28] INFO:
-- Set Velocity Done


obj [2018-09-20 20:27:28] INFO:
-- Set Surface


obj [2018-09-20 20:27:28] INFO:
-- Setting Obj Surface


obj [2018-09-20 20:27:28] INFO:
-- Simple Object Ready


obj [2018-09-20 20:27:28] INFO:
-- Setting Obj Surface


obj [2018-09-20 20:27:28] INFO:
==== Init Object List ====


obj [2018-09-20 20:27:28] DEBUG:
-- Adding Node


obj [2018-09-20 20:27:28] DEBUG:
-- Adding TEST


obj [2018-09-20 20:27:28] DEBUG:
-- nodeID: 1


obj [2018-09-20 20:27:28] DEBUG:
-- Setting Layer


obj [2018-09-20 20:27:28] DEBUG:
-- Added To Layer


sprite [2018-09-20 20:27:28] ERROR:
-- Calling Sprite Animation: Player-1_Object #1 => Idle


char [2018-09-20 20:27:28] ERROR:
-- New Char Obj: Player-2


sprite [2018-09-20 20:27:28] ERROR:
-- Init Sprite Object: Player-2


obj [2018-09-20 20:27:28] ERROR:
-- INIT SIMPLE OBJECT Player-2


obj [2018-09-20 20:27:28] INFO:
-- Set Name


obj [2018-09-20 20:27:28] ERROR:
-- TestLen: 8


obj [2018-09-20 20:27:28] ERROR:
-- Len: 16


obj [2018-09-20 20:27:28] INFO:
-- Set Velocity


move [2018-09-20 20:27:28] INFO:
==== Setting Velocity ====


move [2018-09-20 20:27:28] DEBUG:
-- Obj: Player-2_Object


move [2018-09-20 20:27:28] DEBUG:
-- vel: X: 0 | Y: 0


move [2018-09-20 20:27:28] INFO:
==== Setting Velocity X: 0 ====


move [2018-09-20 20:27:28] INFO:
-- Done X: 0 ====


move [2018-09-20 20:27:28] INFO:
==== Setting Velocity Y: 0 ====


move [2018-09-20 20:27:28] INFO:
-- Done Y: 0 ====


move [2018-09-20 20:27:28] INFO:
-- Getting Obj Movement: 000000000068F950


move [2018-09-20 20:27:28] INFO:
-- Direction: X: 0.000000 | 0.000000


move [2018-09-20 20:27:28] INFO:
-- UpdatingVelocity


move [2018-09-20 20:27:28] INFO:
==== Applying Velocity ====


move [2018-09-20 20:27:28] INFO:
Move To: X: 0 + 0 | Y: 0  + 0


move [2018-09-20 20:27:28] INFO:
Move To: X: 0 | Y: 0


move [2018-09-20 20:27:28] INFO:
==== Applying Velocity DONE ====


anim [2018-09-20 20:27:28] ERROR:
UnLock Set Velocity: Player-2_Object


move [2018-09-20 20:27:28] INFO:
-- Set Velocity Done


obj [2018-09-20 20:27:28] INFO:
-- Set Surface


obj [2018-09-20 20:27:28] INFO:
-- Setting Obj Surface


obj [2018-09-20 20:27:28] INFO:
-- Simple Object Ready


obj [2018-09-20 20:27:28] INFO:
-- Setting Obj Surface


obj [2018-09-20 20:27:28] DEBUG:
-- Adding Node


obj [2018-09-20 20:27:28] DEBUG:
-- Adding TEST


obj [2018-09-20 20:27:28] DEBUG:
-- nodeID: 2


obj [2018-09-20 20:27:28] DEBUG:
-- Setting Layer


obj [2018-09-20 20:27:28] DEBUG:
-- Added To Layer


sprite [2018-09-20 20:27:28] ERROR:
-- Calling Sprite Animation: Player-2_Object #1 => Idle


obj [2018-09-20 20:27:28] ERROR:
-- INIT SIMPLE OBJECT wall


obj [2018-09-20 20:27:28] INFO:
-- Set Name


obj [2018-09-20 20:27:28] ERROR:
-- TestLen: 4


obj [2018-09-20 20:27:28] ERROR:
-- Len: 12


obj [2018-09-20 20:27:28] INFO:
-- Set Velocity


move [2018-09-20 20:27:28] INFO:
==== Setting Velocity ====


move [2018-09-20 20:27:28] DEBUG:
-- Obj: wall_Object


move [2018-09-20 20:27:28] DEBUG:
-- vel: X: 0 | Y: 0


move [2018-09-20 20:27:28] INFO:
==== Setting Velocity X: 0 ====


move [2018-09-20 20:27:28] INFO:
-- Done X: 0 ====


move [2018-09-20 20:27:28] INFO:
==== Setting Velocity Y: 0 ====


move [2018-09-20 20:27:28] INFO:
-- Done Y: 0 ====


move [2018-09-20 20:27:28] INFO:
-- Getting Obj Movement: 000000000068FBF0


move [2018-09-20 20:27:28] INFO:
-- Direction: X: 0.000000 | 0.000000


move [2018-09-20 20:27:28] INFO:
-- UpdatingVelocity


move [2018-09-20 20:27:28] INFO:
==== Applying Velocity ====


move [2018-09-20 20:27:28] INFO:
Move To: X: 0 + 0 | Y: 0  + 0


move [2018-09-20 20:27:28] INFO:
Move To: X: 0 | Y: 0


move [2018-09-20 20:27:28] INFO:
==== Applying Velocity DONE ====


anim [2018-09-20 20:27:28] ERROR:
UnLock Set Velocity: wall_Object


move [2018-09-20 20:27:28] INFO:
-- Set Velocity Done


obj [2018-09-20 20:27:28] INFO:
-- Set Surface


obj [2018-09-20 20:27:28] INFO:
-- Setting Obj Surface


obj [2018-09-20 20:27:28] INFO:
-- Simple Object Ready


obj [2018-09-20 20:27:28] DEBUG:
--name: wall_Object
--z-index: 2
--pos: x: 150 | y:350 | w:60 | h:50


obj [2018-09-20 20:27:28] DEBUG:
-- Adding Node


obj [2018-09-20 20:27:28] DEBUG:
-- Adding TEST


obj [2018-09-20 20:27:28] DEBUG:
-- nodeID: 3


obj [2018-09-20 20:27:28] DEBUG:
-- Setting Layer


obj [2018-09-20 20:27:28] DEBUG:
-- Added To Layer


sprite [2018-09-20 20:27:29] ERROR:
Right Pressed !!!


sprite [2018-09-20 20:27:29] ERROR:
CALL MOVE DIR Pressed !!!


controller [2018-09-20 20:27:29] ERROR:
=== MOVE DIR ===


controller [2018-09-20 20:27:29] ERROR:
-- Factor: 1


controller [2018-09-20 20:27:29] ERROR:
-- Max: 60


controller [2018-09-20 20:27:29] ERROR:
-- Set Velocity


controller [2018-09-20 20:27:29] ERROR:
-- X: 60


controller [2018-09-20 20:27:29] ERROR:
-- Y: 0


move [2018-09-20 20:27:29] INFO:
==== Setting Velocity ====


move [2018-09-20 20:27:29] DEBUG:
-- Obj: Player-1_Object


move [2018-09-20 20:27:29] DEBUG:
-- vel: X: 60 | Y: 0


move [2018-09-20 20:27:29] INFO:
==== Setting Velocity X: 60 ====


move [2018-09-20 20:27:29] INFO:
-- Done X: 60 ====


move [2018-09-20 20:27:29] INFO:
==== Setting Velocity Y: 0 ====


move [2018-09-20 20:27:29] INFO:
-- Done Y: 0 ====


move [2018-09-20 20:27:29] INFO:
-- Getting Obj Movement: 000000000068FAF0


move [2018-09-20 20:27:29] INFO:
-- Direction: X: 0.000000 | 0.000000


move [2018-09-20 20:27:29] INFO:
-- UpdatingVelocity


move [2018-09-20 20:27:29] INFO:
==== Applying Velocity ====


move [2018-09-20 20:27:29] INFO:
Move To: X: 0 + 60 | Y: 350  + 0


move [2018-09-20 20:27:29] INFO:
Move To: X: 60 | Y: 350


move [2018-09-20 20:27:29] INFO:
==== Applying Velocity DONE ====


anim [2018-09-20 20:27:29] ERROR:
UnLock Set Velocity: Player-1_Object


move [2018-09-20 20:27:29] INFO:
-- Set Velocity Done


sprite [2018-09-20 20:27:29] ERROR:
-- Calling Sprite Animation: Player-1_Object #2 => Run


main [2018-09-20 20:27:29] ERROR:
Trying To Unlock Thread None Locked Mutex: Player-1_Object | FROM ANIMMATE-SPRITE-1


main [2018-09-20 20:27:29] ERROR:
-- Locked By ANIMMATE-SPRITE-0


main [2018-09-20 20:27:29] ERROR:
-- UnLocked By Set Velocity-1


sprite [2018-09-20 20:27:29] ERROR:
Down Pressed !!!


main [2018-09-20 20:27:29] WARNING:
-- NOT IN AIR !!!!


timer [2018-09-20 20:27:29] ERROR:
=== RESUMING DELAYED: delayedFnc-0 ===


sprite [2018-09-20 20:27:29] ERROR:
Top Pressed !!!


main [2018-09-20 20:27:29] WARNING:
-- NOT IN AIR !!!!


move [2018-09-20 20:27:29] INFO:
==== Adding Velocity ====


move [2018-09-20 20:27:29] DEBUG:
-- Obj: Player-1_Object


move [2018-09-20 20:27:29] DEBUG:
-- vel: X: 0 | Y: -30


move [2018-09-20 20:27:29] INFO:
==== Setting Velocity ====


move [2018-09-20 20:27:29] DEBUG:
-- Obj: Player-1_Object


move [2018-09-20 20:27:29] DEBUG:
-- vel: X: 60 | Y: -30


move [2018-09-20 20:27:29] INFO:
==== Setting Velocity X: 60 ====


move [2018-09-20 20:27:29] INFO:
-- Done X: 60 ====


move [2018-09-20 20:27:29] INFO:
==== Setting Velocity Y: -30 ====


move [2018-09-20 20:27:29] INFO:
-- Done Y: -30 ====


move [2018-09-20 20:27:29] INFO:
-- Getting Obj Movement: 000000000D74FD30


move [2018-09-20 20:27:29] INFO:
-- Direction: X: 0.000000 | 0.000000


move [2018-09-20 20:27:29] INFO:
-- UpdatingVelocity


move [2018-09-20 20:27:29] INFO:
==== Applying Velocity ====


move [2018-09-20 20:27:29] INFO:
Move To: X: 42 + 60 | Y: 350  + -30


move [2018-09-20 20:27:29] INFO:
Move To: X: 102 | Y: 320


move [2018-09-20 20:27:29] INFO:
==== Applying Velocity DONE ====


anim [2018-09-20 20:27:29] ERROR:
UnLock Set Velocity: Player-1_Object


move [2018-09-20 20:27:29] INFO:
-- Set Velocity Done


sprite [2018-09-20 20:27:29] ERROR:
===== !!!! Run2Jump !!!! ====


sprite [2018-09-20 20:27:29] ERROR:
-- Calling Sprite Animation: Player-1_Object #4 => Jump


main [2018-09-20 20:27:29] ERROR:
Trying To Unlock Thread None Locked Mutex: Player-1_Object | FROM ANIMMATE-SPRITE-1


main [2018-09-20 20:27:29] ERROR:
-- Locked By ANIMMATE-SPRITE-0


main [2018-09-20 20:27:29] ERROR:
-- UnLocked By Set Velocity-1


sprite [2018-09-20 20:27:29] ERROR:
Down Pressed !!!


move [2018-09-20 20:27:29] INFO:
==== Setting Velocity Y: 30 ====


move [2018-09-20 20:27:29] INFO:
-- Done Y: 30 ====


move [2018-09-20 20:27:29] INFO:
==== Applying Velocity ====


move [2018-09-20 20:27:29] INFO:
Move To: X: 68 + 60 | Y: 337  + 30


move [2018-09-20 20:27:29] INFO:
Move To: X: 128 | Y: 367


move [2018-09-20 20:27:29] INFO:
==== Applying Velocity DONE ====


sprite [2018-09-20 20:27:29] ERROR:
-- Calling Sprite Animation: Player-1_Object #5 => Fall


main [2018-09-20 20:27:29] ERROR:
Trying To Unlock Thread None Locked Mutex: Player-1_Object | FROM ANIMMATE-SPRITE-1


main [2018-09-20 20:27:29] ERROR:
-- Locked By ANIMMATE-SPRITE-0


main [2018-09-20 20:27:29] ERROR:
-- UnLocked By Set Velocity Y-1


timer [2018-09-20 20:27:29] ERROR:
=== RESUMING DELAYED: delayedFnc-1 ===


sprite [2018-09-20 20:27:29] ERROR:
Top Pressed !!!


main [2018-09-20 20:27:29] WARNING:
-- IN AIR


main [2018-09-20 20:27:29] WARNING:
-- Set Double Jump


move [2018-09-20 20:27:29] INFO:
==== Adding Velocity ====


move [2018-09-20 20:27:29] DEBUG:
-- Obj: Player-1_Object


move [2018-09-20 20:27:29] DEBUG:
-- vel: X: 0 | Y: -30


move [2018-09-20 20:27:29] INFO:
==== Setting Velocity ====


move [2018-09-20 20:27:29] DEBUG:
-- Obj: Player-1_Object


move [2018-09-20 20:27:29] DEBUG:
-- vel: X: 60 | Y: 0


move [2018-09-20 20:27:29] INFO:
==== Setting Velocity X: 60 ====


move [2018-09-20 20:27:29] INFO:
-- Done X: 60 ====


move [2018-09-20 20:27:29] INFO:
==== Setting Velocity Y: 0 ====


move [2018-09-20 20:27:29] INFO:
-- Done Y: 0 ====


move [2018-09-20 20:27:29] INFO:
-- Getting Obj Movement: 000000000DB4FD30


move [2018-09-20 20:27:29] INFO:
-- Direction: X: 0.000000 | 0.000000


move [2018-09-20 20:27:29] INFO:
-- UpdatingVelocity


move [2018-09-20 20:27:29] INFO:
==== Applying Velocity ====


move [2018-09-20 20:27:29] INFO:
Move To: X: 76 + 60 | Y: 341  + 0


move [2018-09-20 20:27:29] INFO:
Move To: X: 136 | Y: 341


move [2018-09-20 20:27:29] INFO:
==== Applying Velocity DONE ====


anim [2018-09-20 20:27:29] ERROR:
UnLock Set Velocity: Player-1_Object


sprite [2018-09-20 20:27:29] ERROR:
===== !!!!  Jump2DoubleJump !!!! ====


move [2018-09-20 20:27:29] INFO:
==== Setting Velocity Y: -45 ====


move [2018-09-20 20:27:29] INFO:
-- Done Y: -45 ====


move [2018-09-20 20:27:29] INFO:
==== Applying Velocity ====


move [2018-09-20 20:27:29] INFO:
Move To: X: 76 + 60 | Y: 341  + -45


move [2018-09-20 20:27:29] INFO:
Move To: X: 136 | Y: 296


move [2018-09-20 20:27:29] INFO:
-- Set Velocity Done


move [2018-09-20 20:27:29] INFO:
==== Applying Velocity DONE ====


sprite [2018-09-20 20:27:29] ERROR:
-- Calling Sprite Animation: Player-1_Object #7 => DoubleJump


main [2018-09-20 20:27:29] ERROR:
Trying To Unlock Thread None Locked Mutex: Player-1_Object | FROM ANIMMATE-SPRITE-1


main [2018-09-20 20:27:29] ERROR:
-- Locked By Set Velocity Y-0


main [2018-09-20 20:27:29] ERROR:
-- UnLocked By Set Velocity Y-1


move [2018-09-20 20:27:29] INFO:
==== Setting Velocity Y: 30 ====


move [2018-09-20 20:27:29] INFO:
-- Done Y: 30 ====


move [2018-09-20 20:27:29] INFO:
==== Applying Velocity ====


move [2018-09-20 20:27:29] INFO:
Move To: X: 102 + 60 | Y: 315  + 30


move [2018-09-20 20:27:29] INFO:
Move To: X: 162 | Y: 345


move [2018-09-20 20:27:29] INFO:
==== Applying Velocity DONE ====


sprite [2018-09-20 20:27:29] ERROR:
-- Calling Sprite Animation: Player-1_Object #5 => Fall


main [2018-09-20 20:27:29] ERROR:
Trying To Unlock Thread None Locked Mutex: Player-1_Object | FROM ANIMMATE-SPRITE-1


main [2018-09-20 20:27:29] ERROR:
-- Locked By ANIMMATE-SPRITE-0


main [2018-09-20 20:27:29] ERROR:
-- UnLocked By Set Velocity Y-1


move [2018-09-20 20:27:30] INFO:
==== Setting Velocity Y: 0 ====


move [2018-09-20 20:27:30] INFO:
-- Done Y: 0 ====


move [2018-09-20 20:27:30] INFO:
==== Applying Velocity ====


move [2018-09-20 20:27:30] INFO:
Move To: X: 128 + 60 | Y: 328  + 0


move [2018-09-20 20:27:30] INFO:
Move To: X: 188 | Y: 328


move [2018-09-20 20:27:30] INFO:
==== Applying Velocity DONE ====


sprite [2018-09-20 20:27:30] ERROR:
-- Calling Sprite Animation: Player-1_Object #6 => Land


main [2018-09-20 20:27:30] ERROR:
Trying To Unlock Thread None Locked Mutex: Player-1_Object | FROM ANIMMATE-SPRITE-1


main [2018-09-20 20:27:30] ERROR:
-- Locked By ANIMMATE-SPRITE-0


main [2018-09-20 20:27:30] ERROR:
-- UnLocked By Set Velocity Y-1


sprite [2018-09-20 20:27:30] ERROR:
-- Calling Sprite Animation: Player-1_Object #1 => Idle


sprite [2018-09-20 20:27:30] ERROR:
-- Calling Sprite Animation: Player-1_Object #2 => Run


sprite [2018-09-20 20:27:30] ERROR:
BTN Realeased !!!


move [2018-09-20 20:27:30] INFO:
==== Setting Velocity ====


move [2018-09-20 20:27:30] DEBUG:
-- Obj: Player-1_Object


move [2018-09-20 20:27:30] DEBUG:
-- vel: X: 0 | Y: 0


move [2018-09-20 20:27:30] INFO:
==== Setting Velocity X: 0 ====


move [2018-09-20 20:27:30] INFO:
-- Done X: 0 ====


move [2018-09-20 20:27:30] INFO:
==== Setting Velocity Y: 0 ====


move [2018-09-20 20:27:30] INFO:
-- Done Y: 0 ====


move [2018-09-20 20:27:30] INFO:
-- Getting Obj Movement: 000000000068FB10


move [2018-09-20 20:27:30] INFO:
-- Direction: X: 0.000000 | 0.000000


move [2018-09-20 20:27:30] INFO:
-- UpdatingVelocity


move [2018-09-20 20:27:30] INFO:
==== Applying Velocity ====


move [2018-09-20 20:27:30] INFO:
Move To: X: 152 + 0 | Y: 328  + 0


move [2018-09-20 20:27:30] INFO:
Move To: X: 152 | Y: 328


move [2018-09-20 20:27:30] INFO:
==== Applying Velocity DONE ====


anim [2018-09-20 20:27:30] ERROR:
UnLock Set Velocity: Player-1_Object


main [2018-09-20 20:27:30] ERROR:
Trying To Unlock Thread None Locked Mutex: Player-1_Object | FROM Set Velocity-1


main [2018-09-20 20:27:30] ERROR:
-- Locked By Set Velocity-0


main [2018-09-20 20:27:30] ERROR:
-- UnLocked By ANIMMATE-SPRITE-1


move [2018-09-20 20:27:30] INFO:
-- Set Velocity Done


sprite [2018-09-20 20:27:30] ERROR:
Right Pressed !!!


sprite [2018-09-20 20:27:30] ERROR:
CALL MOVE DIR Pressed !!!


controller [2018-09-20 20:27:30] ERROR:
=== MOVE DIR ===


controller [2018-09-20 20:27:30] ERROR:
-- Factor: -1


controller [2018-09-20 20:27:30] ERROR:
-- Max: 60


controller [2018-09-20 20:27:30] ERROR:
-- Set Velocity


controller [2018-09-20 20:27:30] ERROR:
-- X: -60


controller [2018-09-20 20:27:30] ERROR:
-- Y: 0


move [2018-09-20 20:27:30] INFO:
==== Setting Velocity ====


move [2018-09-20 20:27:30] DEBUG:
-- Obj: Player-1_Object


move [2018-09-20 20:27:30] DEBUG:
-- vel: X: -60 | Y: 0


move [2018-09-20 20:27:30] INFO:
==== Setting Velocity X: -60 ====


move [2018-09-20 20:27:30] INFO:
-- Done X: -60 ====


move [2018-09-20 20:27:30] INFO:
==== Setting Velocity Y: 0 ====


move [2018-09-20 20:27:30] INFO:
-- Done Y: 0 ====


move [2018-09-20 20:27:30] INFO:
-- Getting Obj Movement: 000000000068FAF0


move [2018-09-20 20:27:30] INFO:
-- Direction: X: 0.000000 | 0.000000


move [2018-09-20 20:27:30] INFO:
-- UpdatingVelocity


move [2018-09-20 20:27:30] INFO:
==== Applying Velocity ====


move [2018-09-20 20:27:30] INFO:
Move To: X: 152 + -60 | Y: 328  + 0


move [2018-09-20 20:27:30] INFO:
Move To: X: 92 | Y: 328


move [2018-09-20 20:27:30] INFO:
==== Applying Velocity DONE ====


anim [2018-09-20 20:27:30] ERROR:
UnLock Set Velocity: Player-1_Object


move [2018-09-20 20:27:30] INFO:
-- Set Velocity Done


sprite [2018-09-20 20:27:30] ERROR:
===== !!!! Run2Idle !!!! ====


sprite [2018-09-20 20:27:30] ERROR:
-- Calling Sprite Animation: Player-1_Object #1 => Idle


main [2018-09-20 20:27:30] ERROR:
Trying To Unlock Thread None Locked Mutex: Player-1_Object | FROM ANIMMATE-SPRITE-1


main [2018-09-20 20:27:30] ERROR:
-- Locked By ANIMMATE-SPRITE-0


main [2018-09-20 20:27:30] ERROR:
-- UnLocked By Set Velocity-1


sprite [2018-09-20 20:27:30] ERROR:
-- Calling Sprite Animation: Player-1_Object #2 => Run


sprite [2018-09-20 20:27:30] ERROR:
Down Pressed !!!


main [2018-09-20 20:27:30] WARNING:
-- NOT IN AIR !!!!


timer [2018-09-20 20:27:30] ERROR:
=== RESUMING DELAYED: delayedFnc-2 ===


sprite [2018-09-20 20:27:30] ERROR:
Top Pressed !!!


main [2018-09-20 20:27:30] WARNING:
-- NOT IN AIR !!!!


move [2018-09-20 20:27:30] INFO:
==== Adding Velocity ====


move [2018-09-20 20:27:30] DEBUG:
-- Obj: Player-1_Object


move [2018-09-20 20:27:30] DEBUG:
-- vel: X: 0 | Y: -30


move [2018-09-20 20:27:30] INFO:
==== Setting Velocity ====


move [2018-09-20 20:27:30] DEBUG:
-- Obj: Player-1_Object


move [2018-09-20 20:27:30] DEBUG:
-- vel: X: -60 | Y: -30


move [2018-09-20 20:27:30] INFO:
==== Setting Velocity X: -60 ====


move [2018-09-20 20:27:30] INFO:
-- Done X: -60 ====


move [2018-09-20 20:27:30] INFO:
==== Setting Velocity Y: -30 ====


move [2018-09-20 20:27:30] INFO:
-- Done Y: -30 ====


move [2018-09-20 20:27:30] INFO:
-- Getting Obj Movement: 000000000DF4FD30


move [2018-09-20 20:27:30] INFO:
-- Direction: X: 0.000000 | 0.000000


move [2018-09-20 20:27:30] INFO:
-- UpdatingVelocity


move [2018-09-20 20:27:30] INFO:
==== Applying Velocity ====


move [2018-09-20 20:27:30] INFO:
Move To: X: 124 + -60 | Y: 328  + -30


move [2018-09-20 20:27:30] INFO:
Move To: X: 64 | Y: 298


move [2018-09-20 20:27:30] INFO:
==== Applying Velocity DONE ====


anim [2018-09-20 20:27:30] ERROR:
UnLock Set Velocity: Player-1_Object


move [2018-09-20 20:27:30] INFO:
-- Set Velocity Done


sprite [2018-09-20 20:27:30] ERROR:
===== !!!! Run2Jump !!!! ====


sprite [2018-09-20 20:27:30] ERROR:
-- Calling Sprite Animation: Player-1_Object #4 => Jump


main [2018-09-20 20:27:30] ERROR:
Trying To Unlock Thread None Locked Mutex: Player-1_Object | FROM ANIMMATE-SPRITE-1


main [2018-09-20 20:27:30] ERROR:
-- Locked By ANIMMATE-SPRITE-0


main [2018-09-20 20:27:30] ERROR:
-- UnLocked By Set Velocity-1


sprite [2018-09-20 20:27:30] ERROR:
Down Pressed !!!


move [2018-09-20 20:27:30] INFO:
==== Setting Velocity Y: 30 ====


move [2018-09-20 20:27:30] INFO:
-- Done Y: 30 ====


move [2018-09-20 20:27:30] INFO:
==== Applying Velocity ====


move [2018-09-20 20:27:30] INFO:
Move To: X: 98 + -60 | Y: 315  + 30


move [2018-09-20 20:27:30] INFO:
Move To: X: 38 | Y: 345


move [2018-09-20 20:27:30] INFO:
==== Applying Velocity DONE ====


sprite [2018-09-20 20:27:30] ERROR:
-- Calling Sprite Animation: Player-1_Object #5 => Fall


main [2018-09-20 20:27:30] ERROR:
Trying To Unlock Thread None Locked Mutex: Player-1_Object | FROM ANIMMATE-SPRITE-1


main [2018-09-20 20:27:30] ERROR:
-- Locked By ANIMMATE-SPRITE-0


main [2018-09-20 20:27:30] ERROR:
-- UnLocked By Set Velocity Y-1


timer [2018-09-20 20:27:30] ERROR:
=== RESUMING DELAYED: delayedFnc-3 ===


sprite [2018-09-20 20:27:30] ERROR:
Top Pressed !!!


main [2018-09-20 20:27:30] WARNING:
-- IN AIR


main [2018-09-20 20:27:30] WARNING:
-- Set Double Jump


move [2018-09-20 20:27:30] INFO:
==== Adding Velocity ====


move [2018-09-20 20:27:30] DEBUG:
-- Obj: Player-1_Object


move [2018-09-20 20:27:30] DEBUG:
-- vel: X: 0 | Y: -30


move [2018-09-20 20:27:30] INFO:
==== Setting Velocity ====


move [2018-09-20 20:27:30] DEBUG:
-- Obj: Player-1_Object


move [2018-09-20 20:27:30] DEBUG:
-- vel: X: -60 | Y: 0


move [2018-09-20 20:27:30] INFO:
==== Setting Velocity X: -60 ====


move [2018-09-20 20:27:30] INFO:
-- Done X: -60 ====


move [2018-09-20 20:27:30] INFO:
==== Setting Velocity Y: 0 ====


move [2018-09-20 20:27:30] INFO:
-- Done Y: 0 ====


move [2018-09-20 20:27:30] INFO:
-- Getting Obj Movement: 000000000E34FD30


move [2018-09-20 20:27:30] INFO:
-- Direction: X: 0.000000 | 0.000000


move [2018-09-20 20:27:30] INFO:
-- UpdatingVelocity


move [2018-09-20 20:27:30] INFO:
==== Applying Velocity ====


move [2018-09-20 20:27:30] INFO:
Move To: X: 86 + -60 | Y: 321  + 0


move [2018-09-20 20:27:30] INFO:
Move To: X: 26 | Y: 321


move [2018-09-20 20:27:30] INFO:
==== Applying Velocity DONE ====


anim [2018-09-20 20:27:30] ERROR:
UnLock Set Velocity: Player-1_Object


move [2018-09-20 20:27:30] INFO:
-- Set Velocity Done


sprite [2018-09-20 20:27:30] ERROR:
===== !!!!  Jump2DoubleJump !!!! ====


move [2018-09-20 20:27:30] INFO:
==== Setting Velocity Y: -45 ====


move [2018-09-20 20:27:30] INFO:
-- Done Y: -45 ====


move [2018-09-20 20:27:30] INFO:
==== Applying Velocity ====


move [2018-09-20 20:27:30] INFO:
Move To: X: 84 + -60 | Y: 321  + -45


move [2018-09-20 20:27:30] INFO:
Move To: X: 24 | Y: 276


move [2018-09-20 20:27:30] INFO:
==== Applying Velocity DONE ====


sprite [2018-09-20 20:27:30] ERROR:
-- Calling Sprite Animation: Player-1_Object #7 => DoubleJump


main [2018-09-20 20:27:30] ERROR:
Trying To Unlock Thread None Locked Mutex: Player-1_Object | FROM ANIMMATE-SPRITE-1


main [2018-09-20 20:27:30] ERROR:
-- Locked By ANIMMATE-SPRITE-0


main [2018-09-20 20:27:30] ERROR:
-- UnLocked By Set Velocity Y-1


sprite [2018-09-20 20:27:31] ERROR:
BTN Realeased !!!


move [2018-09-20 20:27:31] INFO:
==== Setting Velocity ====


move [2018-09-20 20:27:31] DEBUG:
-- Obj: Player-1_Object


move [2018-09-20 20:27:31] DEBUG:
-- vel: X: 0 | Y: 0


move [2018-09-20 20:27:31] INFO:
==== Setting Velocity X: 0 ====


move [2018-09-20 20:27:31] INFO:
-- Done X: 0 ====


move [2018-09-20 20:27:31] INFO:
==== Setting Velocity Y: 0 ====


move [2018-09-20 20:27:31] INFO:
-- Done Y: 0 ====


move [2018-09-20 20:27:31] INFO:
-- Getting Obj Movement: 000000000068FB10


move [2018-09-20 20:27:31] INFO:
-- Direction: X: 0.000000 | 0.000000


move [2018-09-20 20:27:31] INFO:
-- UpdatingVelocity


move [2018-09-20 20:27:31] INFO:
==== Applying Velocity ====


move [2018-09-20 20:27:31] INFO:
Move To: X: 60 + 0 | Y: 297  + 0


move [2018-09-20 20:27:31] INFO:
Move To: X: 60 | Y: 297


move [2018-09-20 20:27:31] INFO:
==== Applying Velocity DONE ====


anim [2018-09-20 20:27:31] ERROR:
UnLock Set Velocity: Player-1_Object


move [2018-09-20 20:27:31] INFO:
-- Set Velocity Done


move [2018-09-20 20:27:31] INFO:
==== Setting Velocity Y: 30 ====


move [2018-09-20 20:27:31] INFO:
-- Done Y: 30 ====


move [2018-09-20 20:27:31] INFO:
==== Applying Velocity ====


move [2018-09-20 20:27:31] INFO:
Move To: X: 60 + 0 | Y: 297  + 30


move [2018-09-20 20:27:31] INFO:
Move To: X: 60 | Y: 327


move [2018-09-20 20:27:31] INFO:
==== Applying Velocity DONE ====


main [2018-09-20 20:27:31] ERROR:
Trying To Unlock Thread None Locked Mutex: Player-1_Object | FROM Set Velocity Y-1


main [2018-09-20 20:27:31] ERROR:
-- Locked By Set Velocity-0


main [2018-09-20 20:27:31] ERROR:
-- UnLocked By Set Velocity-1


sprite [2018-09-20 20:27:31] ERROR:
-- Calling Sprite Animation: Player-1_Object #5 => Fall


main [2018-09-20 20:27:31] ERROR:
Trying To Unlock Thread None Locked Mutex: Player-1_Object | FROM ANIMMATE-SPRITE-1


main [2018-09-20 20:27:31] ERROR:
-- Locked By Set Velocity-0


main [2018-09-20 20:27:31] ERROR:
-- UnLocked By Set Velocity-1


move [2018-09-20 20:27:31] INFO:
==== Setting Velocity Y: 0 ====


move [2018-09-20 20:27:31] INFO:
-- Done Y: 0 ====


move [2018-09-20 20:27:31] INFO:
==== Applying Velocity ====


move [2018-09-20 20:27:31] INFO:
Move To: X: 60 + 0 | Y: 310  + 0


move [2018-09-20 20:27:31] INFO:
Move To: X: 60 | Y: 310


move [2018-09-20 20:27:31] INFO:
==== Applying Velocity DONE ====


sprite [2018-09-20 20:27:31] ERROR:
-- Calling Sprite Animation: Player-1_Object #6 => Land


main [2018-09-20 20:27:31] ERROR:
Trying To Unlock Thread None Locked Mutex: Player-1_Object | FROM ANIMMATE-SPRITE-1


main [2018-09-20 20:27:31] ERROR:
-- Locked By ANIMMATE-SPRITE-0


main [2018-09-20 20:27:31] ERROR:
-- UnLocked By Set Velocity Y-1


sprite [2018-09-20 20:27:31] ERROR:
-- Calling Sprite Animation: Player-1_Object #1 => Idle


event [2018-09-20 20:27:33] ERROR:
############# Event: Quit ##################


timer [2018-09-20 20:27:33] WARNING:
##### CLEARING DELAYED FUNCTIONS #####


timer [2018-09-20 20:27:33] WARNING:
=== Clearing DELAYED: Timer Thread ===


timer [2018-09-20 20:27:33] WARNING:
=== Clearing Un Completed DELAYED Function: Timer Thread ===


timer [2018-09-20 20:27:33] WARNING:
##### Killing Delayed Function #####


timer [2018-09-20 20:27:33] WARNING:
KILL: Ask-LOCK


timer [2018-09-20 20:27:33] WARNING:
KILL: LOCK


timer [2018-09-20 20:27:33] WARNING:
=== Breaking Function


timer [2018-09-20 20:27:33] WARNING:
KILL: UN-LOCK


timer [2018-09-20 20:27:33] WARNING:
-- FORCE CONDITION KILL FUNCTION THREAD


timer [2018-09-20 20:27:33] WARNING:
-- FORCE KILL FUNCTION THREAD


timer [2018-09-20 20:27:33] WARNING:
-- FORCE KILL FUNCTION THREAD CALLED


timer [2018-09-20 20:27:33] WARNING:
-- KILL LAUNCHER THREAD SUCCESS !!!


timer [2018-09-20 20:27:33] WARNING:
=== Clearing Un Completed DELAYED Function: Timer Thread ===


timer [2018-09-20 20:27:33] WARNING:
=== Clearing DELAYED: Timer Thread ===


timer [2018-09-20 20:27:33] WARNING:
=== Clearing Un Completed DELAYED Function: Timer Thread ===


timer [2018-09-20 20:27:33] WARNING:
##### Killing Delayed Function #####


timer [2018-09-20 20:27:33] WARNING:
KILL: Ask-LOCK


timer [2018-09-20 20:27:33] WARNING:
KILL: LOCK


timer [2018-09-20 20:27:33] WARNING:
=== Breaking Function


timer [2018-09-20 20:27:33] WARNING:
KILL: UN-LOCK


timer [2018-09-20 20:27:33] WARNING:
-- FORCE CONDITION KILL FUNCTION THREAD


timer [2018-09-20 20:27:33] WARNING:
-- FORCE KILL FUNCTION THREAD


timer [2018-09-20 20:27:33] WARNING:
-- FORCE KILL FUNCTION THREAD CALLED


timer [2018-09-20 20:27:33] WARNING:
-- KILL LAUNCHER THREAD SUCCESS !!!


timer [2018-09-20 20:27:33] WARNING:
=== Clearing Un Completed DELAYED Function: Timer Thread ===


timer [2018-09-20 20:27:33] WARNING:
=== Clearing DELAYED: Timer Thread ===


timer [2018-09-20 20:27:33] WARNING:
=== Clearing Un Completed DELAYED Function: Timer Thread ===


timer [2018-09-20 20:27:33] WARNING:
##### Killing Delayed Function #####


timer [2018-09-20 20:27:33] WARNING:
KILL: Ask-LOCK


timer [2018-09-20 20:27:33] WARNING:
KILL: LOCK


timer [2018-09-20 20:27:33] WARNING:
=== Breaking Function


timer [2018-09-20 20:27:33] WARNING:
KILL: UN-LOCK


timer [2018-09-20 20:27:33] WARNING:
-- FORCE CONDITION KILL FUNCTION THREAD


timer [2018-09-20 20:27:33] WARNING:
-- FORCE KILL FUNCTION THREAD


timer [2018-09-20 20:27:33] WARNING:
-- FORCE KILL FUNCTION THREAD CALLED


timer [2018-09-20 20:27:33] WARNING:
-- KILL LAUNCHER THREAD SUCCESS !!!


timer [2018-09-20 20:27:33] WARNING:
=== Clearing Un Completed DELAYED Function: Timer Thread ===


timer [2018-09-20 20:27:33] WARNING:
=== Clearing DELAYED: Timer Thread ===


timer [2018-09-20 20:27:33] WARNING:
=== Clearing Un Completed DELAYED Function: Timer Thread ===


timer [2018-09-20 20:27:33] WARNING:
##### Killing Delayed Function #####


timer [2018-09-20 20:27:33] WARNING:
KILL: Ask-LOCK


timer [2018-09-20 20:27:33] WARNING:
KILL: LOCK


timer [2018-09-20 20:27:33] WARNING:
=== Breaking Function


timer [2018-09-20 20:27:33] WARNING:
KILL: UN-LOCK


timer [2018-09-20 20:27:33] WARNING:
-- FORCE CONDITION KILL FUNCTION THREAD


timer [2018-09-20 20:27:33] WARNING:
-- FORCE KILL FUNCTION THREAD


timer [2018-09-20 20:27:33] WARNING:
-- FORCE KILL FUNCTION THREAD CALLED


timer [2018-09-20 20:27:33] WARNING:
-- KILL LAUNCHER THREAD SUCCESS !!!


timer [2018-09-20 20:27:33] WARNING:
=== Clearing Un Completed DELAYED Function: Timer Thread ===


timer [2018-09-20 20:27:33] WARNING:
##### DELETING TIMER #####


main [2018-09-20 20:27:33] ERROR:
Trying To Unlock Thread None Locked Mutex: delayedFnc-1 | FROM Call Delayed-7


main [2018-09-20 20:27:33] ERROR:
-- Locked By Call Delayed-6


main [2018-09-20 20:27:33] ERROR:
-- UnLocked By Kill Launcher-1


main [2018-09-20 20:27:33] ERROR:
Trying To Unlock Thread None Locked Mutex: delayedFnc-2 | FROM Call Delayed-7


main [2018-09-20 20:27:33] ERROR:
-- Locked By Call Delayed-6


main [2018-09-20 20:27:33] ERROR:
-- UnLocked By Kill Launcher-1


main [2018-09-20 20:27:33] ERROR:
Trying To Unlock Thread None Locked Mutex: delayedFnc-0 | FROM Call Delayed-7


main [2018-09-20 20:27:33] ERROR:
-- Locked By Call Delayed-6


main [2018-09-20 20:27:33] ERROR:
-- UnLocked By Kill Launcher-1


obj [2018-09-20 20:27:33] INFO:
==== CLEARING Objects ====


obj [2018-09-20 20:27:33] DEBUG:
-- Getting Objects


obj [2018-09-20 20:27:33] DEBUG:
-- Len: 3


obj [2018-09-20 20:27:33] DEBUG:
-- Deleting


obj [2018-09-20 20:27:33] DEBUG:
-- Deleting: Player-1_Object


obj [2018-09-20 20:27:33] INFO:
===== Deleting Object ====


obj [2018-09-20 20:27:33] DEBUG:
-- Name: Player-1_Object


obj [2018-09-20 20:27:33] DEBUG:
-- Deleting From : #Layer-2


obj [2018-09-20 20:27:33] DEBUG:
-- Remove From Anim


obj [2018-09-20 20:27:33] DEBUG:
-- Delete Object


obj [2018-09-20 20:27:33] DEBUG:
===== DELETE OBJECT DONE ====


obj [2018-09-20 20:27:33] DEBUG:
-- Deleting


obj [2018-09-20 20:27:33] DEBUG:
-- Deleting: Player-2_Object


obj [2018-09-20 20:27:33] INFO:
===== Deleting Object ====


obj [2018-09-20 20:27:33] DEBUG:
-- Name: Player-2_Object


obj [2018-09-20 20:27:33] DEBUG:
-- Deleting From : #Layer-2


obj [2018-09-20 20:27:33] DEBUG:
-- Remove From Anim


obj [2018-09-20 20:27:33] DEBUG:
-- Delete Object


obj [2018-09-20 20:27:33] DEBUG:
===== DELETE OBJECT DONE ====


obj [2018-09-20 20:27:33] DEBUG:
-- Deleting


obj [2018-09-20 20:27:33] DEBUG:
-- Deleting: wall_Object


obj [2018-09-20 20:27:33] INFO:
===== Deleting Object ====


obj [2018-09-20 20:27:33] DEBUG:
-- Name: wall_Object


obj [2018-09-20 20:27:33] DEBUG:
-- Deleting From : #Layer-2


obj [2018-09-20 20:27:33] DEBUG:
-- Remove From Anim


obj [2018-09-20 20:27:33] DEBUG:
-- Delete Object


main [2018-09-20 20:27:33] ERROR:
Trying To Unlock Thread None Locked Mutex:  | FROM Call Delayed-7


main [2018-09-20 20:27:33] ERROR:
-- Locked By Call Delayed-6


main [2018-09-20 20:27:33] ERROR:
-- UnLocked By Kill Launcher-1


obj [2018-09-20 20:27:33] DEBUG:
===== DELETE OBJECT DONE ====


 [2018-09-21 09:12:28] DEBUG:
-- Init Project


 [2018-09-21 09:12:28] INFO:
==== INIT PROJECT ====


 [2018-09-21 09:12:28] INFO:
==== INIT PROJECT FLAGS ====


char [2018-09-21 09:12:28] ERROR:
-- New Char Obj: Player-1


sprite [2018-09-21 09:12:28] ERROR:
-- Init Sprite Object: Player-1


obj [2018-09-21 09:12:28] ERROR:
-- INIT SIMPLE OBJECT Player-1


obj [2018-09-21 09:12:28] ERROR:
-- TestLen: 8


obj [2018-09-21 09:12:28] ERROR:
-- Len: 16


anim [2018-09-21 09:12:28] ERROR:
UnLock Set Velocity: Player-1_Object


sprite [2018-09-21 09:12:29] ERROR:
-- Calling Sprite Animation: Player-1_Object #1 => Idle


char [2018-09-21 09:12:29] ERROR:
-- New Char Obj: Player-2


sprite [2018-09-21 09:12:29] ERROR:
-- Init Sprite Object: Player-2


obj [2018-09-21 09:12:29] ERROR:
-- INIT SIMPLE OBJECT Player-2


obj [2018-09-21 09:12:29] ERROR:
-- TestLen: 8


obj [2018-09-21 09:12:29] ERROR:
-- Len: 16


anim [2018-09-21 09:12:29] ERROR:
UnLock Set Velocity: Player-2_Object


sprite [2018-09-21 09:12:29] ERROR:
-- Calling Sprite Animation: Player-2_Object #1 => Idle


obj [2018-09-21 09:12:29] ERROR:
-- INIT SIMPLE OBJECT wall


obj [2018-09-21 09:12:29] ERROR:
-- TestLen: 4


obj [2018-09-21 09:12:29] ERROR:
-- Len: 12


anim [2018-09-21 09:12:29] ERROR:
UnLock Set Velocity: wall_Object


sprite [2018-09-21 09:12:29] ERROR:
Right Pressed !!!


sprite [2018-09-21 09:12:29] ERROR:
CALL MOVE DIR Pressed !!!


controller [2018-09-21 09:12:29] ERROR:
=== MOVE DIR ===


controller [2018-09-21 09:12:29] ERROR:
-- Factor: 1


controller [2018-09-21 09:12:29] ERROR:
-- Max: 60


controller [2018-09-21 09:12:29] ERROR:
-- Set Velocity


controller [2018-09-21 09:12:29] ERROR:
-- X: 60


controller [2018-09-21 09:12:29] ERROR:
-- Y: 0


anim [2018-09-21 09:12:29] ERROR:
UnLock Set Velocity: Player-1_Object


sprite [2018-09-21 09:12:29] ERROR:
-- Calling Sprite Animation: Player-1_Object #2 => Run


sprite [2018-09-21 09:12:31] ERROR:
BTN Realeased !!!


anim [2018-09-21 09:12:31] ERROR:
UnLock Set Velocity: Player-1_Object


sprite [2018-09-21 09:12:31] ERROR:
===== !!!! Run2Idle !!!! ====


sprite [2018-09-21 09:12:31] ERROR:
-- Calling Sprite Animation: Player-1_Object #1 => Idle


sprite [2018-09-21 09:12:32] ERROR:
Right Pressed !!!


sprite [2018-09-21 09:12:32] ERROR:
CALL MOVE DIR Pressed !!!


controller [2018-09-21 09:12:32] ERROR:
=== MOVE DIR ===


controller [2018-09-21 09:12:32] ERROR:
-- Factor: -1


controller [2018-09-21 09:12:32] ERROR:
-- Max: 60


controller [2018-09-21 09:12:32] ERROR:
-- Set Velocity


controller [2018-09-21 09:12:32] ERROR:
-- X: -60


controller [2018-09-21 09:12:32] ERROR:
-- Y: 0


anim [2018-09-21 09:12:32] ERROR:
UnLock Set Velocity: Player-1_Object


sprite [2018-09-21 09:12:32] ERROR:
-- Calling Sprite Animation: Player-1_Object #2 => Run


sprite [2018-09-21 09:12:33] ERROR:
BTN Realeased !!!


anim [2018-09-21 09:12:33] ERROR:
UnLock Set Velocity: Player-1_Object


sprite [2018-09-21 09:12:33] ERROR:
===== !!!! Run2Idle !!!! ====


sprite [2018-09-21 09:12:33] ERROR:
-- Calling Sprite Animation: Player-1_Object #1 => Idle


sprite [2018-09-21 09:12:33] ERROR:
Right Pressed !!!


sprite [2018-09-21 09:12:33] ERROR:
CALL MOVE DIR Pressed !!!


controller [2018-09-21 09:12:33] ERROR:
=== MOVE DIR ===


controller [2018-09-21 09:12:33] ERROR:
-- Factor: 1


controller [2018-09-21 09:12:33] ERROR:
-- Max: 60


controller [2018-09-21 09:12:33] ERROR:
-- Set Velocity


controller [2018-09-21 09:12:33] ERROR:
-- X: 60


controller [2018-09-21 09:12:33] ERROR:
-- Y: 0


anim [2018-09-21 09:12:33] ERROR:
UnLock Set Velocity: Player-1_Object


sprite [2018-09-21 09:12:33] ERROR:
-- Calling Sprite Animation: Player-1_Object #2 => Run


sprite [2018-09-21 09:12:33] ERROR:
BTN Realeased !!!


anim [2018-09-21 09:12:33] ERROR:
UnLock Set Velocity: Player-1_Object


sprite [2018-09-21 09:12:33] ERROR:
===== !!!! Run2Idle !!!! ====


sprite [2018-09-21 09:12:33] ERROR:
-- Calling Sprite Animation: Player-1_Object #1 => Idle


sprite [2018-09-21 09:12:33] ERROR:
Down Pressed !!!


main [2018-09-21 09:12:33] WARNING:
-- NOT IN AIR !!!!


sprite [2018-09-21 09:12:33] ERROR:
-- Calling Sprite Animation: Player-1_Object #3 => Down


timer [2018-09-21 09:12:34] ERROR:
=== RESUMING DELAYED: delayedFnc-0 ===


sprite [2018-09-21 09:12:34] ERROR:
Top Pressed !!!


main [2018-09-21 09:12:34] WARNING:
-- NOT IN AIR !!!!


anim [2018-09-21 09:12:34] ERROR:
UnLock Set Velocity: Player-1_Object


sprite [2018-09-21 09:12:34] ERROR:
-- Calling Sprite Animation: Player-1_Object #4 => Jump


sprite [2018-09-21 09:12:34] ERROR:
-- Calling Sprite Animation: Player-1_Object #5 => Fall


main [2018-09-21 09:12:34] ERROR:
Trying To Unlock Thread None Locked Mutex: Player-1_Object | FROM ANIMMATE-SPRITE-1


main [2018-09-21 09:12:34] ERROR:
-- Locked By ANIMMATE-SPRITE-0


main [2018-09-21 09:12:34] ERROR:
-- UnLocked By Set Velocity Y-1


sprite [2018-09-21 09:12:34] ERROR:
-- Calling Sprite Animation: Player-1_Object #6 => Land


main [2018-09-21 09:12:34] ERROR:
Trying To Unlock Thread None Locked Mutex: Player-1_Object | FROM ANIMMATE-SPRITE-1


main [2018-09-21 09:12:34] ERROR:
-- Locked By ANIMMATE-SPRITE-0


main [2018-09-21 09:12:34] ERROR:
-- UnLocked By Set Velocity Y-1


sprite [2018-09-21 09:12:34] ERROR:
Down Pressed !!!


main [2018-09-21 09:12:34] WARNING:
-- NOT IN AIR !!!!


timer [2018-09-21 09:12:34] ERROR:
=== RESUMING DELAYED: delayedFnc-1 ===


sprite [2018-09-21 09:12:34] ERROR:
Top Pressed !!!


main [2018-09-21 09:12:34] WARNING:
-- NOT IN AIR !!!!


anim [2018-09-21 09:12:34] ERROR:
UnLock Set Velocity: Player-1_Object


sprite [2018-09-21 09:12:34] ERROR:
-- Calling Sprite Animation: Player-1_Object #1 => Idle


sprite [2018-09-21 09:12:34] ERROR:
-- Calling Sprite Animation: Player-1_Object #5 => Fall


main [2018-09-21 09:12:34] ERROR:
Trying To Unlock Thread None Locked Mutex: Player-1_Object | FROM ANIMMATE-SPRITE-1


main [2018-09-21 09:12:34] ERROR:
-- Locked By ANIMMATE-SPRITE-0


main [2018-09-21 09:12:34] ERROR:
-- UnLocked By Set Velocity Y-1


sprite [2018-09-21 09:12:34] ERROR:
-- Calling Sprite Animation: Player-1_Object #6 => Land


main [2018-09-21 09:12:34] ERROR:
Trying To Unlock Thread None Locked Mutex: Player-1_Object | FROM ANIMMATE-SPRITE-1


main [2018-09-21 09:12:34] ERROR:
-- Locked By ANIMMATE-SPRITE-0


main [2018-09-21 09:12:34] ERROR:
-- UnLocked By Set Velocity Y-1


sprite [2018-09-21 09:12:34] ERROR:
-- Calling Sprite Animation: Player-1_Object #1 => Idle


sprite [2018-09-21 09:12:36] ERROR:
Down Pressed !!!


main [2018-09-21 09:12:36] WARNING:
-- NOT IN AIR !!!!


sprite [2018-09-21 09:12:36] ERROR:
-- Calling Sprite Animation: Player-1_Object #3 => Down


timer [2018-09-21 09:12:36] ERROR:
=== RESUMING DELAYED: delayedFnc-2 ===


sprite [2018-09-21 09:12:36] ERROR:
Top Pressed !!!


main [2018-09-21 09:12:36] WARNING:
-- NOT IN AIR !!!!


anim [2018-09-21 09:12:36] ERROR:
UnLock Set Velocity: Player-1_Object


sprite [2018-09-21 09:12:36] ERROR:
-- Calling Sprite Animation: Player-1_Object #4 => Jump


sprite [2018-09-21 09:12:36] ERROR:
Down Pressed !!!


sprite [2018-09-21 09:12:36] ERROR:
-- Calling Sprite Animation: Player-1_Object #5 => Fall


main [2018-09-21 09:12:36] ERROR:
Trying To Unlock Thread None Locked Mutex: Player-1_Object | FROM ANIMMATE-SPRITE-1


main [2018-09-21 09:12:36] ERROR:
-- Locked By ANIMMATE-SPRITE-0


main [2018-09-21 09:12:36] ERROR:
-- UnLocked By Set Velocity Y-1


timer [2018-09-21 09:12:36] ERROR:
=== RESUMING DELAYED: delayedFnc-3 ===


sprite [2018-09-21 09:12:36] ERROR:
Top Pressed !!!


main [2018-09-21 09:12:36] WARNING:
-- IN AIR


main [2018-09-21 09:12:36] WARNING:
-- Set Double Jump


anim [2018-09-21 09:12:36] ERROR:
UnLock Set Velocity: Player-1_Object


sprite [2018-09-21 09:12:36] ERROR:
===== !!!!  Jump2DoubleJump !!!! ====


sprite [2018-09-21 09:12:36] ERROR:
-- Calling Sprite Animation: Player-1_Object #7 => DoubleJump


main [2018-09-21 09:12:36] ERROR:
Trying To Unlock Thread None Locked Mutex: Player-1_Object | FROM ANIMMATE-SPRITE-1


main [2018-09-21 09:12:36] ERROR:
-- Locked By ANIMMATE-SPRITE-0


main [2018-09-21 09:12:36] ERROR:
-- UnLocked By Set Velocity Y-1


sprite [2018-09-21 09:12:36] ERROR:
-- Calling Sprite Animation: Player-1_Object #5 => Fall


main [2018-09-21 09:12:36] ERROR:
Trying To Unlock Thread None Locked Mutex: Player-1_Object | FROM ANIMMATE-SPRITE-1


main [2018-09-21 09:12:36] ERROR:
-- Locked By ANIMMATE-SPRITE-0


main [2018-09-21 09:12:36] ERROR:
-- UnLocked By Set Velocity Y-1


sprite [2018-09-21 09:12:37] ERROR:
-- Calling Sprite Animation: Player-1_Object #6 => Land


main [2018-09-21 09:12:37] ERROR:
Trying To Unlock Thread None Locked Mutex: Player-1_Object | FROM ANIMMATE-SPRITE-1


main [2018-09-21 09:12:37] ERROR:
-- Locked By ANIMMATE-SPRITE-0


main [2018-09-21 09:12:37] ERROR:
-- UnLocked By Set Velocity Y-1


sprite [2018-09-21 09:12:37] ERROR:
-- Calling Sprite Animation: Player-1_Object #1 => Idle


sprite [2018-09-21 09:12:38] ERROR:
Down Pressed !!!


main [2018-09-21 09:12:38] WARNING:
-- NOT IN AIR !!!!


sprite [2018-09-21 09:12:38] ERROR:
-- Calling Sprite Animation: Player-1_Object #3 => Down


timer [2018-09-21 09:12:38] ERROR:
=== RESUMING DELAYED: delayedFnc-4 ===


sprite [2018-09-21 09:12:38] ERROR:
Top Pressed !!!


main [2018-09-21 09:12:38] WARNING:
-- NOT IN AIR !!!!


anim [2018-09-21 09:12:38] ERROR:
UnLock Set Velocity: Player-1_Object


sprite [2018-09-21 09:12:38] ERROR:
-- Calling Sprite Animation: Player-1_Object #4 => Jump


sprite [2018-09-21 09:12:38] ERROR:
-- Calling Sprite Animation: Player-1_Object #5 => Fall


main [2018-09-21 09:12:38] ERROR:
Trying To Unlock Thread None Locked Mutex: Player-1_Object | FROM ANIMMATE-SPRITE-1


main [2018-09-21 09:12:38] ERROR:
-- Locked By ANIMMATE-SPRITE-0


main [2018-09-21 09:12:38] ERROR:
-- UnLocked By Set Velocity Y-1


sprite [2018-09-21 09:12:38] ERROR:
Down Pressed !!!


sprite [2018-09-21 09:12:38] ERROR:
-- Calling Sprite Animation: Player-1_Object #6 => Land


main [2018-09-21 09:12:38] ERROR:
Trying To Unlock Thread None Locked Mutex: Player-1_Object | FROM ANIMMATE-SPRITE-1


main [2018-09-21 09:12:38] ERROR:
-- Locked By ANIMMATE-SPRITE-0


main [2018-09-21 09:12:38] ERROR:
-- UnLocked By Set Velocity Y-1


timer [2018-09-21 09:12:38] ERROR:
=== RESUMING DELAYED: delayedFnc-5 ===


sprite [2018-09-21 09:12:38] ERROR:
Top Pressed !!!


main [2018-09-21 09:12:38] WARNING:
-- NOT IN AIR !!!!


anim [2018-09-21 09:12:38] ERROR:
UnLock Set Velocity: Player-1_Object


sprite [2018-09-21 09:12:38] ERROR:
-- Calling Sprite Animation: Player-1_Object #1 => Idle


sprite [2018-09-21 09:12:38] ERROR:
-- Calling Sprite Animation: Player-1_Object #5 => Fall


main [2018-09-21 09:12:38] ERROR:
Trying To Unlock Thread None Locked Mutex: Player-1_Object | FROM ANIMMATE-SPRITE-1


main [2018-09-21 09:12:38] ERROR:
-- Locked By ANIMMATE-SPRITE-0


main [2018-09-21 09:12:38] ERROR:
-- UnLocked By Set Velocity Y-1


sprite [2018-09-21 09:12:39] ERROR:
-- Calling Sprite Animation: Player-1_Object #6 => Land


main [2018-09-21 09:12:39] ERROR:
Trying To Unlock Thread None Locked Mutex: Player-1_Object | FROM ANIMMATE-SPRITE-1


main [2018-09-21 09:12:39] ERROR:
-- Locked By ANIMMATE-SPRITE-0


main [2018-09-21 09:12:39] ERROR:
-- UnLocked By Set Velocity Y-1


sprite [2018-09-21 09:12:39] ERROR:
-- Calling Sprite Animation: Player-1_Object #1 => Idle


sprite [2018-09-21 09:12:44] ERROR:
Down Pressed !!!


main [2018-09-21 09:12:44] WARNING:
-- NOT IN AIR !!!!


sprite [2018-09-21 09:12:44] ERROR:
-- Calling Sprite Animation: Player-1_Object #3 => Down


timer [2018-09-21 09:12:44] ERROR:
=== RESUMING DELAYED: delayedFnc-6 ===


sprite [2018-09-21 09:12:44] ERROR:
Top Pressed !!!


main [2018-09-21 09:12:44] WARNING:
-- NOT IN AIR !!!!


anim [2018-09-21 09:12:44] ERROR:
UnLock Set Velocity: Player-1_Object


sprite [2018-09-21 09:12:44] ERROR:
-- Calling Sprite Animation: Player-1_Object #4 => Jump


sprite [2018-09-21 09:12:44] ERROR:
-- Calling Sprite Animation: Player-1_Object #5 => Fall


main [2018-09-21 09:12:44] ERROR:
Trying To Unlock Thread None Locked Mutex: Player-1_Object | FROM ANIMMATE-SPRITE-1


main [2018-09-21 09:12:44] ERROR:
-- Locked By ANIMMATE-SPRITE-0


main [2018-09-21 09:12:44] ERROR:
-- UnLocked By Set Velocity Y-1


sprite [2018-09-21 09:12:44] ERROR:
-- Calling Sprite Animation: Player-1_Object #6 => Land


main [2018-09-21 09:12:44] ERROR:
Trying To Unlock Thread None Locked Mutex: Player-1_Object | FROM ANIMMATE-SPRITE-1


main [2018-09-21 09:12:44] ERROR:
-- Locked By ANIMMATE-SPRITE-0


main [2018-09-21 09:12:44] ERROR:
-- UnLocked By Set Velocity Y-1


sprite [2018-09-21 09:12:45] ERROR:
-- Calling Sprite Animation: Player-1_Object #1 => Idle


sprite [2018-09-21 09:12:46] ERROR:
Down Pressed !!!


main [2018-09-21 09:12:46] WARNING:
-- NOT IN AIR !!!!


sprite [2018-09-21 09:12:46] ERROR:
-- Calling Sprite Animation: Player-1_Object #3 => Down


timer [2018-09-21 09:12:46] ERROR:
=== RESUMING DELAYED: delayedFnc-7 ===


sprite [2018-09-21 09:12:46] ERROR:
Top Pressed !!!


main [2018-09-21 09:12:46] WARNING:
-- NOT IN AIR !!!!


anim [2018-09-21 09:12:46] ERROR:
UnLock Set Velocity: Player-1_Object


sprite [2018-09-21 09:12:46] ERROR:
-- Calling Sprite Animation: Player-1_Object #4 => Jump


sprite [2018-09-21 09:12:46] ERROR:
-- Calling Sprite Animation: Player-1_Object #5 => Fall


main [2018-09-21 09:12:46] ERROR:
Trying To Unlock Thread None Locked Mutex: Player-1_Object | FROM ANIMMATE-SPRITE-1


main [2018-09-21 09:12:46] ERROR:
-- Locked By ANIMMATE-SPRITE-0


main [2018-09-21 09:12:46] ERROR:
-- UnLocked By Set Velocity Y-1


sprite [2018-09-21 09:12:46] ERROR:
-- Calling Sprite Animation: Player-1_Object #6 => Land


main [2018-09-21 09:12:46] ERROR:
Trying To Unlock Thread None Locked Mutex: Player-1_Object | FROM ANIMMATE-SPRITE-1


main [2018-09-21 09:12:46] ERROR:
-- Locked By ANIMMATE-SPRITE-0


main [2018-09-21 09:12:46] ERROR:
-- UnLocked By Set Velocity Y-1


sprite [2018-09-21 09:12:46] ERROR:
-- Calling Sprite Animation: Player-1_Object #1 => Idle


sprite [2018-09-21 09:12:47] ERROR:
Down Pressed !!!


main [2018-09-21 09:12:47] WARNING:
-- NOT IN AIR !!!!


sprite [2018-09-21 09:12:47] ERROR:
-- Calling Sprite Animation: Player-1_Object #3 => Down


timer [2018-09-21 09:12:47] ERROR:
=== RESUMING DELAYED: delayedFnc-8 ===


sprite [2018-09-21 09:12:47] ERROR:
Top Pressed !!!


main [2018-09-21 09:12:47] WARNING:
-- NOT IN AIR !!!!


anim [2018-09-21 09:12:47] ERROR:
UnLock Set Velocity: Player-1_Object


sprite [2018-09-21 09:12:47] ERROR:
-- Calling Sprite Animation: Player-1_Object #4 => Jump


sprite [2018-09-21 09:12:47] ERROR:
-- Calling Sprite Animation: Player-1_Object #5 => Fall


main [2018-09-21 09:12:47] ERROR:
Trying To Unlock Thread None Locked Mutex: Player-1_Object | FROM ANIMMATE-SPRITE-1


main [2018-09-21 09:12:47] ERROR:
-- Locked By ANIMMATE-SPRITE-0


main [2018-09-21 09:12:47] ERROR:
-- UnLocked By Set Velocity Y-1


sprite [2018-09-21 09:12:47] ERROR:
Down Pressed !!!


sprite [2018-09-21 09:12:47] ERROR:
-- Calling Sprite Animation: Player-1_Object #6 => Land


main [2018-09-21 09:12:47] ERROR:
Trying To Unlock Thread None Locked Mutex: Player-1_Object | FROM ANIMMATE-SPRITE-1


main [2018-09-21 09:12:47] ERROR:
-- Locked By ANIMMATE-SPRITE-0


main [2018-09-21 09:12:47] ERROR:
-- UnLocked By Set Velocity Y-1


timer [2018-09-21 09:12:47] ERROR:
=== RESUMING DELAYED: delayedFnc-9 ===


sprite [2018-09-21 09:12:47] ERROR:
Top Pressed !!!


main [2018-09-21 09:12:47] WARNING:
-- NOT IN AIR !!!!


anim [2018-09-21 09:12:47] ERROR:
UnLock Set Velocity: Player-1_Object


sprite [2018-09-21 09:12:47] ERROR:
-- Calling Sprite Animation: Player-1_Object #1 => Idle


sprite [2018-09-21 09:12:48] ERROR:
-- Calling Sprite Animation: Player-1_Object #5 => Fall


main [2018-09-21 09:12:48] ERROR:
Trying To Unlock Thread None Locked Mutex: Player-1_Object | FROM ANIMMATE-SPRITE-1


main [2018-09-21 09:12:48] ERROR:
-- Locked By ANIMMATE-SPRITE-0


main [2018-09-21 09:12:48] ERROR:
-- UnLocked By Set Velocity Y-1


sprite [2018-09-21 09:12:48] ERROR:
-- Calling Sprite Animation: Player-1_Object #6 => Land


main [2018-09-21 09:12:48] ERROR:
Trying To Unlock Thread None Locked Mutex: Player-1_Object | FROM ANIMMATE-SPRITE-1


main [2018-09-21 09:12:48] ERROR:
-- Locked By ANIMMATE-SPRITE-0


main [2018-09-21 09:12:48] ERROR:
-- UnLocked By Set Velocity Y-1


sprite [2018-09-21 09:12:48] ERROR:
-- Calling Sprite Animation: Player-1_Object #1 => Idle


event [2018-09-21 09:12:58] ERROR:
############# Event: Quit ##################


timer [2018-09-21 09:12:58] WARNING:
##### CLEARING DELAYED FUNCTIONS #####


timer [2018-09-21 09:12:58] WARNING:
=== Clearing DELAYED: Timer Thread ===


timer [2018-09-21 09:12:58] WARNING:
=== Clearing Un Completed DELAYED Function: Timer Thread ===


timer [2018-09-21 09:12:58] WARNING:
##### Killing Delayed Function #####


timer [2018-09-21 09:12:58] WARNING:
KILL: Ask-LOCK


timer [2018-09-21 09:12:58] WARNING:
KILL: LOCK


timer [2018-09-21 09:12:58] WARNING:
=== Breaking Function


timer [2018-09-21 09:12:58] WARNING:
KILL: UN-LOCK


timer [2018-09-21 09:12:58] WARNING:
-- FORCE CONDITION KILL FUNCTION THREAD


timer [2018-09-21 09:12:58] WARNING:
-- FORCE KILL FUNCTION THREAD


timer [2018-09-21 09:12:58] WARNING:
-- FORCE KILL FUNCTION THREAD CALLED


timer [2018-09-21 09:12:58] WARNING:
-- KILL LAUNCHER THREAD SUCCESS !!!


timer [2018-09-21 09:12:58] WARNING:
=== Clearing Un Completed DELAYED Function: Timer Thread ===


timer [2018-09-21 09:12:58] WARNING:
=== Clearing DELAYED: Timer Thread ===


timer [2018-09-21 09:12:58] WARNING:
=== Clearing Un Completed DELAYED Function: Timer Thread ===


timer [2018-09-21 09:12:58] WARNING:
##### Killing Delayed Function #####


timer [2018-09-21 09:12:58] WARNING:
KILL: Ask-LOCK


timer [2018-09-21 09:12:58] WARNING:
KILL: LOCK


timer [2018-09-21 09:12:58] WARNING:
=== Breaking Function


timer [2018-09-21 09:12:58] WARNING:
KILL: UN-LOCK


timer [2018-09-21 09:12:58] WARNING:
-- FORCE CONDITION KILL FUNCTION THREAD


timer [2018-09-21 09:12:58] WARNING:
-- FORCE KILL FUNCTION THREAD


timer [2018-09-21 09:12:58] WARNING:
-- FORCE KILL FUNCTION THREAD CALLED


timer [2018-09-21 09:12:58] WARNING:
-- KILL LAUNCHER THREAD SUCCESS !!!


timer [2018-09-21 09:12:58] WARNING:
=== Clearing Un Completed DELAYED Function: Timer Thread ===


timer [2018-09-21 09:12:58] WARNING:
=== Clearing DELAYED: Timer Thread ===


timer [2018-09-21 09:12:58] WARNING:
=== Clearing Un Completed DELAYED Function: Timer Thread ===


main [2018-09-21 09:12:58] ERROR:
Trying To Unlock Thread None Locked Mutex: delayedFnc-0 | FROM Call Delayed-7


main [2018-09-21 09:12:58] ERROR:
-- Locked By Call Delayed-6


main [2018-09-21 09:12:58] ERROR:
-- UnLocked By Kill Launcher-1


main [2018-09-21 09:12:58] ERROR:
Trying To Unlock Thread None Locked Mutex: delayedFnc-1 | FROM Call Delayed-7


main [2018-09-21 09:12:58] ERROR:
-- Locked By Call Delayed-6


main [2018-09-21 09:12:58] ERROR:
-- UnLocked By Kill Launcher-1


timer [2018-09-21 09:12:58] WARNING:
##### Killing Delayed Function #####


timer [2018-09-21 09:12:58] WARNING:
KILL: Ask-LOCK


timer [2018-09-21 09:12:58] WARNING:
KILL: LOCK


timer [2018-09-21 09:12:58] WARNING:
=== Breaking Function


timer [2018-09-21 09:12:58] WARNING:
KILL: UN-LOCK


timer [2018-09-21 09:12:58] WARNING:
-- FORCE CONDITION KILL FUNCTION THREAD


timer [2018-09-21 09:12:58] WARNING:
-- FORCE KILL FUNCTION THREAD


timer [2018-09-21 09:12:58] WARNING:
-- FORCE KILL FUNCTION THREAD CALLED


timer [2018-09-21 09:12:58] WARNING:
-- KILL LAUNCHER THREAD SUCCESS !!!


timer [2018-09-21 09:12:58] WARNING:
=== Clearing Un Completed DELAYED Function: Timer Thread ===


timer [2018-09-21 09:12:58] WARNING:
=== Clearing DELAYED: Timer Thread ===


timer [2018-09-21 09:12:58] WARNING:
=== Clearing Un Completed DELAYED Function: Timer Thread ===


timer [2018-09-21 09:12:58] WARNING:
##### Killing Delayed Function #####


timer [2018-09-21 09:12:58] WARNING:
KILL: Ask-LOCK


timer [2018-09-21 09:12:58] WARNING:
KILL: LOCK


timer [2018-09-21 09:12:58] WARNING:
=== Breaking Function


timer [2018-09-21 09:12:58] WARNING:
KILL: UN-LOCK


timer [2018-09-21 09:12:58] WARNING:
-- FORCE CONDITION KILL FUNCTION THREAD


timer [2018-09-21 09:12:58] WARNING:
-- FORCE KILL FUNCTION THREAD


timer [2018-09-21 09:12:58] WARNING:
-- FORCE KILL FUNCTION THREAD CALLED


timer [2018-09-21 09:12:58] WARNING:
-- KILL LAUNCHER THREAD SUCCESS !!!


timer [2018-09-21 09:12:58] WARNING:
=== Clearing Un Completed DELAYED Function: Timer Thread ===


timer [2018-09-21 09:12:58] WARNING:
=== Clearing DELAYED: Timer Thread ===


timer [2018-09-21 09:12:58] WARNING:
=== Clearing Un Completed DELAYED Function: Timer Thread ===


timer [2018-09-21 09:12:58] WARNING:
##### Killing Delayed Function #####


timer [2018-09-21 09:12:58] WARNING:
KILL: Ask-LOCK


timer [2018-09-21 09:12:58] WARNING:
KILL: LOCK


timer [2018-09-21 09:12:58] WARNING:
=== Breaking Function


main [2018-09-21 09:12:58] ERROR:
Trying To Unlock Thread None Locked Mutex: delayedFnc-3 | FROM Call Delayed-7


main [2018-09-21 09:12:58] ERROR:
-- Locked By Call Delayed-6


main [2018-09-21 09:12:58] ERROR:
-- UnLocked By Kill Launcher-1


main [2018-09-21 09:12:58] ERROR:
Trying To Unlock Thread None Locked Mutex: delayedFnc-4 | FROM Call Delayed-7


main [2018-09-21 09:12:58] ERROR:
-- Locked By Call Delayed-6


main [2018-09-21 09:12:58] ERROR:
-- UnLocked By Kill Launcher-1


main [2018-09-21 09:12:58] ERROR:
Trying To Unlock Thread None Locked Mutex: delayedFnc-2 | FROM Call Delayed-7


main [2018-09-21 09:12:58] ERROR:
-- Locked By Call Delayed-6


main [2018-09-21 09:12:58] ERROR:
-- UnLocked By Kill Launcher-1


timer [2018-09-21 09:12:58] WARNING:
KILL: UN-LOCK


timer [2018-09-21 09:12:58] WARNING:
-- FORCE CONDITION KILL FUNCTION THREAD


timer [2018-09-21 09:12:58] WARNING:
-- FORCE KILL FUNCTION THREAD


timer [2018-09-21 09:12:58] WARNING:
-- FORCE KILL FUNCTION THREAD CALLED


timer [2018-09-21 09:12:58] WARNING:
-- KILL LAUNCHER THREAD SUCCESS !!!


timer [2018-09-21 09:12:58] WARNING:
=== Clearing Un Completed DELAYED Function: Timer Thread ===


timer [2018-09-21 09:12:58] WARNING:
=== Clearing DELAYED: Timer Thread ===


timer [2018-09-21 09:12:58] WARNING:
=== Clearing Un Completed DELAYED Function: Timer Thread ===


timer [2018-09-21 09:12:58] WARNING:
##### Killing Delayed Function #####


timer [2018-09-21 09:12:58] WARNING:
KILL: Ask-LOCK


timer [2018-09-21 09:12:58] WARNING:
KILL: LOCK


timer [2018-09-21 09:12:58] WARNING:
=== Breaking Function


timer [2018-09-21 09:12:58] WARNING:
KILL: UN-LOCK


timer [2018-09-21 09:12:58] WARNING:
-- FORCE CONDITION KILL FUNCTION THREAD


timer [2018-09-21 09:12:58] WARNING:
-- FORCE KILL FUNCTION THREAD


timer [2018-09-21 09:12:58] WARNING:
-- FORCE KILL FUNCTION THREAD CALLED


timer [2018-09-21 09:12:58] WARNING:
-- KILL LAUNCHER THREAD SUCCESS !!!


timer [2018-09-21 09:12:58] WARNING:
=== Clearing Un Completed DELAYED Function: Timer Thread ===


timer [2018-09-21 09:12:58] WARNING:
=== Clearing DELAYED: Timer Thread ===


timer [2018-09-21 09:12:58] WARNING:
=== Clearing Un Completed DELAYED Function: Timer Thread ===


timer [2018-09-21 09:12:58] WARNING:
##### Killing Delayed Function #####


timer [2018-09-21 09:12:58] WARNING:
KILL: Ask-LOCK


timer [2018-09-21 09:12:58] WARNING:
KILL: LOCK


timer [2018-09-21 09:12:58] WARNING:
=== Breaking Function


main [2018-09-21 09:12:58] ERROR:
Trying To Unlock Thread None Locked Mutex: delayedFnc-5 | FROM Call Delayed-7


main [2018-09-21 09:12:58] ERROR:
-- Locked By Call Delayed-6


main [2018-09-21 09:12:58] ERROR:
-- UnLocked By Kill Launcher-1


timer [2018-09-21 09:12:58] WARNING:
KILL: UN-LOCK


main [2018-09-21 09:12:58] ERROR:
Trying To Unlock Thread None Locked Mutex: delayedFnc-6 | FROM Call Delayed-7


main [2018-09-21 09:12:58] ERROR:
-- Locked By Call Delayed-6


main [2018-09-21 09:12:58] ERROR:
-- UnLocked By Kill Launcher-1


timer [2018-09-21 09:12:58] WARNING:
-- FORCE CONDITION KILL FUNCTION THREAD


timer [2018-09-21 09:12:58] WARNING:
-- FORCE KILL FUNCTION THREAD


timer [2018-09-21 09:12:58] WARNING:
-- FORCE KILL FUNCTION THREAD CALLED


timer [2018-09-21 09:12:58] WARNING:
-- KILL LAUNCHER THREAD SUCCESS !!!


timer [2018-09-21 09:12:58] WARNING:
=== Clearing Un Completed DELAYED Function: Timer Thread ===


timer [2018-09-21 09:12:58] WARNING:
=== Clearing DELAYED: Timer Thread ===


timer [2018-09-21 09:12:58] WARNING:
=== Clearing Un Completed DELAYED Function: Timer Thread ===


timer [2018-09-21 09:12:58] WARNING:
##### Killing Delayed Function #####


timer [2018-09-21 09:12:58] WARNING:
KILL: Ask-LOCK


timer [2018-09-21 09:12:58] WARNING:
KILL: LOCK


timer [2018-09-21 09:12:58] WARNING:
=== Breaking Function


timer [2018-09-21 09:12:58] WARNING:
KILL: UN-LOCK


timer [2018-09-21 09:12:58] WARNING:
-- FORCE CONDITION KILL FUNCTION THREAD


timer [2018-09-21 09:12:58] WARNING:
-- FORCE KILL FUNCTION THREAD


timer [2018-09-21 09:12:58] WARNING:
-- FORCE KILL FUNCTION THREAD CALLED


timer [2018-09-21 09:12:58] WARNING:
-- KILL LAUNCHER THREAD SUCCESS !!!


timer [2018-09-21 09:12:58] WARNING:
=== Clearing Un Completed DELAYED Function: Timer Thread ===


main [2018-09-21 09:12:58] ERROR:
Trying To Unlock Thread None Locked Mutex: delayedFnc-7 | FROM Call Delayed-7


main [2018-09-21 09:12:58] ERROR:
-- Locked By Call Delayed-6


main [2018-09-21 09:12:58] ERROR:
-- UnLocked By Kill Launcher-1


timer [2018-09-21 09:12:58] WARNING:
=== Clearing DELAYED: Timer Thread ===


timer [2018-09-21 09:12:58] WARNING:
=== Clearing Un Completed DELAYED Function: Timer Thread ===


timer [2018-09-21 09:12:58] WARNING:
##### Killing Delayed Function #####


timer [2018-09-21 09:12:58] WARNING:
KILL: Ask-LOCK


timer [2018-09-21 09:12:58] WARNING:
KILL: LOCK


timer [2018-09-21 09:12:58] WARNING:
=== Breaking Function


timer [2018-09-21 09:12:58] WARNING:
KILL: UN-LOCK


timer [2018-09-21 09:12:58] WARNING:
-- FORCE CONDITION KILL FUNCTION THREAD


timer [2018-09-21 09:12:58] WARNING:
-- FORCE KILL FUNCTION THREAD


timer [2018-09-21 09:12:58] WARNING:
-- FORCE KILL FUNCTION THREAD CALLED


timer [2018-09-21 09:12:58] WARNING:
-- KILL LAUNCHER THREAD SUCCESS !!!


timer [2018-09-21 09:12:58] WARNING:
=== Clearing Un Completed DELAYED Function: Timer Thread ===


main [2018-09-21 09:12:58] ERROR:
Trying To Unlock Thread None Locked Mutex:  | FROM Call Delayed-7


main [2018-09-21 09:12:58] ERROR:
-- Locked By Call Delayed-6


main [2018-09-21 09:12:58] ERROR:
-- UnLocked By Kill Launcher-1


timer [2018-09-21 09:12:58] WARNING:
=== Clearing DELAYED: Timer Thread ===


timer [2018-09-21 09:12:58] WARNING:
=== Clearing Un Completed DELAYED Function: Timer Thread ===


timer [2018-09-21 09:12:58] WARNING:
##### Killing Delayed Function #####


timer [2018-09-21 09:12:58] WARNING:
KILL: Ask-LOCK


timer [2018-09-21 09:12:58] WARNING:
KILL: LOCK


timer [2018-09-21 09:12:58] WARNING:
=== Breaking Function


timer [2018-09-21 09:12:58] WARNING:
KILL: UN-LOCK


timer [2018-09-21 09:12:58] WARNING:
-- FORCE CONDITION KILL FUNCTION THREAD


timer [2018-09-21 09:12:58] WARNING:
-- FORCE KILL FUNCTION THREAD


timer [2018-09-21 09:12:58] WARNING:
-- FORCE KILL FUNCTION THREAD CALLED


timer [2018-09-21 09:12:58] WARNING:
-- KILL LAUNCHER THREAD SUCCESS !!!


timer [2018-09-21 09:12:58] WARNING:
=== Clearing Un Completed DELAYED Function: Timer Thread ===


timer [2018-09-21 09:12:58] WARNING:
##### DELETING TIMER #####


main [2018-09-21 09:12:58] ERROR:
Trying To Unlock Thread None Locked Mutex: delayedFnc-9 | FROM Call Delayed-7


main [2018-09-21 09:12:58] ERROR:
-- Locked By Call Delayed-6


 [2018-09-21 09:15:45] DEBUG:
-- Init Project


 [2018-09-21 09:15:45] INFO:
==== INIT PROJECT ====


 [2018-09-21 09:15:45] INFO:
==== INIT PROJECT FLAGS ====


char [2018-09-21 09:15:45] ERROR:
-- New Char Obj: Player-1


sprite [2018-09-21 09:15:45] ERROR:
-- Init Sprite Object: Player-1


obj [2018-09-21 09:15:45] ERROR:
-- INIT SIMPLE OBJECT Player-1


obj [2018-09-21 09:15:45] ERROR:
-- TestLen: 8


obj [2018-09-21 09:15:45] ERROR:
-- Len: 16


anim [2018-09-21 09:15:45] ERROR:
UnLock Set Velocity: Player-1_Object


sprite [2018-09-21 09:15:45] ERROR:
-- Calling Sprite Animation: Player-1_Object #1 => Idle


char [2018-09-21 09:15:45] ERROR:
-- New Char Obj: Player-2


sprite [2018-09-21 09:15:45] ERROR:
-- Init Sprite Object: Player-2


obj [2018-09-21 09:15:45] ERROR:
-- INIT SIMPLE OBJECT Player-2


obj [2018-09-21 09:15:45] ERROR:
-- TestLen: 8


obj [2018-09-21 09:15:45] ERROR:
-- Len: 16


anim [2018-09-21 09:15:45] ERROR:
UnLock Set Velocity: Player-2_Object


sprite [2018-09-21 09:15:45] ERROR:
-- Calling Sprite Animation: Player-2_Object #1 => Idle


obj [2018-09-21 09:15:45] ERROR:
-- INIT SIMPLE OBJECT wall


obj [2018-09-21 09:15:45] ERROR:
-- TestLen: 4


obj [2018-09-21 09:15:45] ERROR:
-- Len: 12


anim [2018-09-21 09:15:45] ERROR:
UnLock Set Velocity: wall_Object


sprite [2018-09-21 09:15:46] ERROR:
Right Pressed !!!


sprite [2018-09-21 09:15:46] ERROR:
CALL MOVE DIR Pressed !!!


controller [2018-09-21 09:15:46] ERROR:
=== MOVE DIR ===


controller [2018-09-21 09:15:46] ERROR:
-- Factor: 1


controller [2018-09-21 09:15:46] ERROR:
-- Max: 60


controller [2018-09-21 09:15:46] ERROR:
-- Set Velocity


controller [2018-09-21 09:15:46] ERROR:
-- X: 60


controller [2018-09-21 09:15:46] ERROR:
-- Y: 0


anim [2018-09-21 09:15:46] ERROR:
UnLock Set Velocity: Player-1_Object


sprite [2018-09-21 09:15:46] ERROR:
-- Calling Sprite Animation: Player-1_Object #2 => Run


sprite [2018-09-21 09:15:47] ERROR:
BTN Realeased !!!


anim [2018-09-21 09:15:47] ERROR:
UnLock Set Velocity: Player-1_Object


sprite [2018-09-21 09:15:47] ERROR:
===== !!!! Run2Idle !!!! ====


sprite [2018-09-21 09:15:47] ERROR:
-- Calling Sprite Animation: Player-1_Object #1 => Idle


sprite [2018-09-21 09:15:48] ERROR:
Right Pressed !!!


sprite [2018-09-21 09:15:48] ERROR:
CALL MOVE DIR Pressed !!!


controller [2018-09-21 09:15:48] ERROR:
=== MOVE DIR ===


controller [2018-09-21 09:15:48] ERROR:
-- Factor: -1


controller [2018-09-21 09:15:48] ERROR:
-- Max: 60


controller [2018-09-21 09:15:48] ERROR:
-- Set Velocity


controller [2018-09-21 09:15:48] ERROR:
-- X: -60


controller [2018-09-21 09:15:48] ERROR:
-- Y: 0


anim [2018-09-21 09:15:48] ERROR:
UnLock Set Velocity: Player-1_Object


sprite [2018-09-21 09:15:48] ERROR:
-- Calling Sprite Animation: Player-1_Object #2 => Run


sprite [2018-09-21 09:15:48] ERROR:
BTN Realeased !!!


anim [2018-09-21 09:15:48] ERROR:
UnLock Set Velocity: Player-1_Object


sprite [2018-09-21 09:15:48] ERROR:
===== !!!! Run2Idle !!!! ====


sprite [2018-09-21 09:15:48] ERROR:
-- Calling Sprite Animation: Player-1_Object #1 => Idle


event [2018-09-21 09:15:49] ERROR:
############# Event: Quit ##################


timer [2018-09-21 09:15:49] WARNING:
##### CLEARING DELAYED FUNCTIONS #####


timer [2018-09-21 09:15:49] WARNING:
##### DELETING TIMER #####


 [2018-09-21 09:22:25] DEBUG:
-- Init Project


 [2018-09-21 09:22:25] INFO:
==== INIT PROJECT ====


 [2018-09-21 09:22:25] INFO:
==== INIT PROJECT FLAGS ====


main [2018-09-21 09:22:25] ERROR:
Trying To Unlock Thread None Locked Mutex: (null) | FROM TEST-7


main [2018-09-21 09:22:25] ERROR:
-- Locked By TEST-5


main [2018-09-21 09:22:25] ERROR:
-- UnLocked By TEST-6


 [2018-09-21 09:23:00] DEBUG:
-- Init Project


 [2018-09-21 09:23:00] INFO:
==== INIT PROJECT ====


 [2018-09-21 09:23:00] INFO:
==== INIT PROJECT FLAGS ====


main [2018-09-21 09:23:00] ERROR:
Trying To Unlock Thread None Locked Mutex: TEST Class | FROM TEST-7


main [2018-09-21 09:23:00] ERROR:
-- Locked By TEST-5


main [2018-09-21 09:23:00] ERROR:
-- UnLocked By TEST-6


 [2018-09-21 09:24:11] DEBUG:
-- Init Project


 [2018-09-21 09:24:11] INFO:
==== INIT PROJECT ====


 [2018-09-21 09:24:11] INFO:
==== INIT PROJECT FLAGS ====


main [2018-09-21 09:24:11] ERROR:
Trying To Unlock Thread None Locked Mutex: (null) | FROM MAIN-7


main [2018-09-21 09:24:11] ERROR:
-- Locked By MAIN-5


main [2018-09-21 09:24:11] ERROR:
-- UnLocked By MAIN-6


main [2018-09-21 09:24:11] ERROR:
Trying To Unlock Thread None Locked Mutex: TEST Class | FROM TEST-7


main [2018-09-21 09:24:11] ERROR:
-- Locked By TEST-5


main [2018-09-21 09:24:11] ERROR:
-- UnLocked By TEST-6


